2024-11-05 00:29:41,804 - license_plate : R-18) JF
2024-11-05 00:29:42,414 - license_plate : R-183-JF
2024-11-05 00:29:42,414 - license_plate : R-183-JF
2024-11-05 00:29:42,750 - license_plate : R-183-JF
2024-11-05 00:29:42,750 - license_plate : R-183-JF
2024-11-05 00:29:42,750 - license_plate : R-183-JF
2024-11-05 00:29:43,126 - license_plate : R-183-JF
2024-11-05 00:29:43,126 - license_plate : R-183-JF
2024-11-05 00:29:43,126 - license_plate : R-183-JF
2024-11-05 00:29:43,126 - license_plate : R-183-JF
2024-11-05 00:29:43,542 - license_plate : R-1B3-JF
2024-11-05 00:29:43,542 - license_plate : R-1B3-JF
2024-11-05 00:29:43,542 - license_plate : R-1B3-JF
2024-11-05 00:29:43,542 - license_plate : R-1B3-JF
2024-11-05 00:29:43,542 - license_plate : R-1B3-JF
2024-11-05 00:29:43,941 - license_plate : R-183-JF
2024-11-05 00:29:43,941 - license_plate : R-183-JF
2024-11-05 00:29:43,941 - license_plate : R-183-JF
2024-11-05 00:29:43,941 - license_plate : R-183-JF
2024-11-05 00:29:43,941 - license_plate : R-183-JF
2024-11-05 00:29:43,941 - license_plate : R-183-JF
2024-11-05 00:29:44,422 - license_plate : R-133-JF
2024-11-05 00:29:44,422 - license_plate : R-133-JF
2024-11-05 00:29:44,422 - license_plate : R-133-JF
2024-11-05 00:29:44,422 - license_plate : R-133-JF
2024-11-05 00:29:44,422 - license_plate : R-133-JF
2024-11-05 00:29:44,422 - license_plate : R-133-JF
2024-11-05 00:29:44,422 - license_plate : R-133-JF
2024-11-05 00:29:44,868 - license_plate : R-183 JF
2024-11-05 00:29:44,868 - license_plate : R-183 JF
2024-11-05 00:29:44,868 - license_plate : R-183 JF
2024-11-05 00:29:44,868 - license_plate : R-183 JF
2024-11-05 00:29:44,868 - license_plate : R-183 JF
2024-11-05 00:29:44,868 - license_plate : R-183 JF
2024-11-05 00:29:44,868 - license_plate : R-183 JF
2024-11-05 00:29:44,868 - license_plate : R-183 JF
2024-11-05 00:29:45,306 - license_plate : R-183 JF
2024-11-05 00:29:45,306 - license_plate : R-183 JF
2024-11-05 00:29:45,306 - license_plate : R-183 JF
2024-11-05 00:29:45,306 - license_plate : R-183 JF
2024-11-05 00:29:45,306 - license_plate : R-183 JF
2024-11-05 00:29:45,306 - license_plate : R-183 JF
2024-11-05 00:29:45,306 - license_plate : R-183 JF
2024-11-05 00:29:45,306 - license_plate : R-183 JF
2024-11-05 00:29:45,306 - license_plate : R-183 JF
2024-11-05 00:29:45,844 - license_plate : R-183-JF
2024-11-05 00:29:45,844 - license_plate : R-183-JF
2024-11-05 00:29:45,844 - license_plate : R-183-JF
2024-11-05 00:29:45,844 - license_plate : R-183-JF
2024-11-05 00:29:45,844 - license_plate : R-183-JF
2024-11-05 00:29:45,844 - license_plate : R-183-JF
2024-11-05 00:29:45,844 - license_plate : R-183-JF
2024-11-05 00:29:45,844 - license_plate : R-183-JF
2024-11-05 00:29:45,844 - license_plate : R-183-JF
2024-11-05 00:29:45,844 - license_plate : R-183-JF
2024-11-05 00:29:46,203 - license_plate : R-183-JF
2024-11-05 00:29:46,203 - license_plate : R-183-JF
2024-11-05 00:29:46,203 - license_plate : R-183-JF
2024-11-05 00:29:46,203 - license_plate : R-183-JF
2024-11-05 00:29:46,203 - license_plate : R-183-JF
2024-11-05 00:29:46,203 - license_plate : R-183-JF
2024-11-05 00:29:46,203 - license_plate : R-183-JF
2024-11-05 00:29:46,203 - license_plate : R-183-JF
2024-11-05 00:29:46,203 - license_plate : R-183-JF
2024-11-05 00:29:46,203 - license_plate : R-183-JF
2024-11-05 00:29:46,203 - license_plate : R-183-JF
2024-11-05 00:29:46,496 - license_plate : R-183-JF
2024-11-05 00:29:46,496 - license_plate : R-183-JF
2024-11-05 00:29:46,496 - license_plate : R-183-JF
2024-11-05 00:29:46,496 - license_plate : R-183-JF
2024-11-05 00:29:46,496 - license_plate : R-183-JF
2024-11-05 00:29:46,496 - license_plate : R-183-JF
2024-11-05 00:29:46,496 - license_plate : R-183-JF
2024-11-05 00:29:46,496 - license_plate : R-183-JF
2024-11-05 00:29:46,496 - license_plate : R-183-JF
2024-11-05 00:29:46,496 - license_plate : R-183-JF
2024-11-05 00:29:46,496 - license_plate : R-183-JF
2024-11-05 00:29:46,496 - license_plate : R-183-JF
2024-11-05 00:29:46,739 - license_plate : R-183-JF
2024-11-05 00:29:46,739 - license_plate : R-183-JF
2024-11-05 00:29:46,739 - license_plate : R-183-JF
2024-11-05 00:29:46,739 - license_plate : R-183-JF
2024-11-05 00:29:46,739 - license_plate : R-183-JF
2024-11-05 00:29:46,739 - license_plate : R-183-JF
2024-11-05 00:29:46,739 - license_plate : R-183-JF
2024-11-05 00:29:46,739 - license_plate : R-183-JF
2024-11-05 00:29:46,739 - license_plate : R-183-JF
2024-11-05 00:29:46,739 - license_plate : R-183-JF
2024-11-05 00:29:46,739 - license_plate : R-183-JF
2024-11-05 00:29:46,739 - license_plate : R-183-JF
2024-11-05 00:29:46,739 - license_plate : R-183-JF
2024-11-05 00:29:46,959 - license_plate : R-183-JF
2024-11-05 00:29:46,959 - license_plate : R-183-JF
2024-11-05 00:29:46,959 - license_plate : R-183-JF
2024-11-05 00:29:46,959 - license_plate : R-183-JF
2024-11-05 00:29:46,959 - license_plate : R-183-JF
2024-11-05 00:29:46,959 - license_plate : R-183-JF
2024-11-05 00:29:46,959 - license_plate : R-183-JF
2024-11-05 00:29:46,959 - license_plate : R-183-JF
2024-11-05 00:29:46,959 - license_plate : R-183-JF
2024-11-05 00:29:46,959 - license_plate : R-183-JF
2024-11-05 00:29:46,959 - license_plate : R-183-JF
2024-11-05 00:29:46,959 - license_plate : R-183-JF
2024-11-05 00:29:46,959 - license_plate : R-183-JF
2024-11-05 00:29:46,959 - license_plate : R-183-JF
2024-11-05 00:29:47,218 - license_plate : R-183-JF
2024-11-05 00:29:47,218 - license_plate : R-183-JF
2024-11-05 00:29:47,218 - license_plate : R-183-JF
2024-11-05 00:29:47,218 - license_plate : R-183-JF
2024-11-05 00:29:47,218 - license_plate : R-183-JF
2024-11-05 00:29:47,218 - license_plate : R-183-JF
2024-11-05 00:29:47,218 - license_plate : R-183-JF
2024-11-05 00:29:47,218 - license_plate : R-183-JF
2024-11-05 00:29:47,218 - license_plate : R-183-JF
2024-11-05 00:29:47,218 - license_plate : R-183-JF
2024-11-05 00:29:47,218 - license_plate : R-183-JF
2024-11-05 00:29:47,218 - license_plate : R-183-JF
2024-11-05 00:29:47,218 - license_plate : R-183-JF
2024-11-05 00:29:47,218 - license_plate : R-183-JF
2024-11-05 00:29:47,218 - license_plate : R-183-JF
2024-11-05 00:29:47,465 - license_plate : R-1B3-JF
2024-11-05 00:29:47,465 - license_plate : R-1B3-JF
2024-11-05 00:29:47,465 - license_plate : R-1B3-JF
2024-11-05 00:29:47,465 - license_plate : R-1B3-JF
2024-11-05 00:29:47,465 - license_plate : R-1B3-JF
2024-11-05 00:29:47,465 - license_plate : R-1B3-JF
2024-11-05 00:29:47,465 - license_plate : R-1B3-JF
2024-11-05 00:29:47,465 - license_plate : R-1B3-JF
2024-11-05 00:29:47,465 - license_plate : R-1B3-JF
2024-11-05 00:29:47,465 - license_plate : R-1B3-JF
2024-11-05 00:29:47,465 - license_plate : R-1B3-JF
2024-11-05 00:29:47,465 - license_plate : R-1B3-JF
2024-11-05 00:29:47,465 - license_plate : R-1B3-JF
2024-11-05 00:29:47,465 - license_plate : R-1B3-JF
2024-11-05 00:29:47,465 - license_plate : R-1B3-JF
2024-11-05 00:29:47,465 - license_plate : R-1B3-JF
2024-11-05 00:29:47,678 - license_plate : R-183 JF
2024-11-05 00:29:47,678 - license_plate : R-183 JF
2024-11-05 00:29:47,678 - license_plate : R-183 JF
2024-11-05 00:29:47,678 - license_plate : R-183 JF
2024-11-05 00:29:47,678 - license_plate : R-183 JF
2024-11-05 00:29:47,678 - license_plate : R-183 JF
2024-11-05 00:29:47,678 - license_plate : R-183 JF
2024-11-05 00:29:47,678 - license_plate : R-183 JF
2024-11-05 00:29:47,678 - license_plate : R-183 JF
2024-11-05 00:29:47,678 - license_plate : R-183 JF
2024-11-05 00:29:47,678 - license_plate : R-183 JF
2024-11-05 00:29:47,678 - license_plate : R-183 JF
2024-11-05 00:29:47,678 - license_plate : R-183 JF
2024-11-05 00:29:47,678 - license_plate : R-183 JF
2024-11-05 00:29:47,678 - license_plate : R-183 JF
2024-11-05 00:29:47,678 - license_plate : R-183 JF
2024-11-05 00:29:47,678 - license_plate : R-183 JF
2024-11-05 00:29:47,892 - license_plate : R1B3 JF
2024-11-05 00:29:47,892 - license_plate : R1B3 JF
2024-11-05 00:29:47,892 - license_plate : R1B3 JF
2024-11-05 00:29:47,892 - license_plate : R1B3 JF
2024-11-05 00:29:47,892 - license_plate : R1B3 JF
2024-11-05 00:29:47,892 - license_plate : R1B3 JF
2024-11-05 00:29:47,892 - license_plate : R1B3 JF
2024-11-05 00:29:47,892 - license_plate : R1B3 JF
2024-11-05 00:29:47,892 - license_plate : R1B3 JF
2024-11-05 00:29:47,892 - license_plate : R1B3 JF
2024-11-05 00:29:47,892 - license_plate : R1B3 JF
2024-11-05 00:29:47,892 - license_plate : R1B3 JF
2024-11-05 00:29:47,892 - license_plate : R1B3 JF
2024-11-05 00:29:47,892 - license_plate : R1B3 JF
2024-11-05 00:29:47,892 - license_plate : R1B3 JF
2024-11-05 00:29:47,892 - license_plate : R1B3 JF
2024-11-05 00:29:47,892 - license_plate : R1B3 JF
2024-11-05 00:29:47,892 - license_plate : R1B3 JF
2024-11-05 00:29:48,130 - license_plate : R-1B3-JF
2024-11-05 00:29:48,130 - license_plate : R-1B3-JF
2024-11-05 00:29:48,130 - license_plate : R-1B3-JF
2024-11-05 00:29:48,130 - license_plate : R-1B3-JF
2024-11-05 00:29:48,130 - license_plate : R-1B3-JF
2024-11-05 00:29:48,130 - license_plate : R-1B3-JF
2024-11-05 00:29:48,130 - license_plate : R-1B3-JF
2024-11-05 00:29:48,130 - license_plate : R-1B3-JF
2024-11-05 00:29:48,130 - license_plate : R-1B3-JF
2024-11-05 00:29:48,130 - license_plate : R-1B3-JF
2024-11-05 00:29:48,130 - license_plate : R-1B3-JF
2024-11-05 00:29:48,130 - license_plate : R-1B3-JF
2024-11-05 00:29:48,130 - license_plate : R-1B3-JF
2024-11-05 00:29:48,130 - license_plate : R-1B3-JF
2024-11-05 00:29:48,130 - license_plate : R-1B3-JF
2024-11-05 00:29:48,130 - license_plate : R-1B3-JF
2024-11-05 00:29:48,130 - license_plate : R-1B3-JF
2024-11-05 00:29:48,130 - license_plate : R-1B3-JF
2024-11-05 00:29:48,130 - license_plate : R-1B3-JF
2024-11-05 00:29:48,316 - license_plate : R-103 JF
2024-11-05 00:29:48,316 - license_plate : R-103 JF
2024-11-05 00:29:48,316 - license_plate : R-103 JF
2024-11-05 00:29:48,316 - license_plate : R-103 JF
2024-11-05 00:29:48,316 - license_plate : R-103 JF
2024-11-05 00:29:48,316 - license_plate : R-103 JF
2024-11-05 00:29:48,316 - license_plate : R-103 JF
2024-11-05 00:29:48,316 - license_plate : R-103 JF
2024-11-05 00:29:48,316 - license_plate : R-103 JF
2024-11-05 00:29:48,316 - license_plate : R-103 JF
2024-11-05 00:29:48,316 - license_plate : R-103 JF
2024-11-05 00:29:48,316 - license_plate : R-103 JF
2024-11-05 00:29:48,316 - license_plate : R-103 JF
2024-11-05 00:29:48,316 - license_plate : R-103 JF
2024-11-05 00:29:48,316 - license_plate : R-103 JF
2024-11-05 00:29:48,316 - license_plate : R-103 JF
2024-11-05 00:29:48,316 - license_plate : R-103 JF
2024-11-05 00:29:48,316 - license_plate : R-103 JF
2024-11-05 00:29:48,316 - license_plate : R-103 JF
2024-11-05 00:29:48,316 - license_plate : R-103 JF
2024-11-05 00:29:48,509 - license_plate : RIB3 JF
2024-11-05 00:29:48,509 - license_plate : RIB3 JF
2024-11-05 00:29:48,509 - license_plate : RIB3 JF
2024-11-05 00:29:48,509 - license_plate : RIB3 JF
2024-11-05 00:29:48,509 - license_plate : RIB3 JF
2024-11-05 00:29:48,509 - license_plate : RIB3 JF
2024-11-05 00:29:48,509 - license_plate : RIB3 JF
2024-11-05 00:29:48,509 - license_plate : RIB3 JF
2024-11-05 00:29:48,509 - license_plate : RIB3 JF
2024-11-05 00:29:48,509 - license_plate : RIB3 JF
2024-11-05 00:29:48,509 - license_plate : RIB3 JF
2024-11-05 00:29:48,509 - license_plate : RIB3 JF
2024-11-05 00:29:48,509 - license_plate : RIB3 JF
2024-11-05 00:29:48,509 - license_plate : RIB3 JF
2024-11-05 00:29:48,509 - license_plate : RIB3 JF
2024-11-05 00:29:48,509 - license_plate : RIB3 JF
2024-11-05 00:29:48,509 - license_plate : RIB3 JF
2024-11-05 00:29:48,509 - license_plate : RIB3 JF
2024-11-05 00:29:48,509 - license_plate : RIB3 JF
2024-11-05 00:29:48,509 - license_plate : RIB3 JF
2024-11-05 00:29:48,509 - license_plate : RIB3 JF
2024-11-05 00:29:48,698 - license_plate : R-183 JF
2024-11-05 00:29:48,698 - license_plate : R-183 JF
2024-11-05 00:29:48,698 - license_plate : R-183 JF
2024-11-05 00:29:48,698 - license_plate : R-183 JF
2024-11-05 00:29:48,698 - license_plate : R-183 JF
2024-11-05 00:29:48,698 - license_plate : R-183 JF
2024-11-05 00:29:48,698 - license_plate : R-183 JF
2024-11-05 00:29:48,698 - license_plate : R-183 JF
2024-11-05 00:29:48,698 - license_plate : R-183 JF
2024-11-05 00:29:48,698 - license_plate : R-183 JF
2024-11-05 00:29:48,698 - license_plate : R-183 JF
2024-11-05 00:29:48,698 - license_plate : R-183 JF
2024-11-05 00:29:48,698 - license_plate : R-183 JF
2024-11-05 00:29:48,698 - license_plate : R-183 JF
2024-11-05 00:29:48,698 - license_plate : R-183 JF
2024-11-05 00:29:48,698 - license_plate : R-183 JF
2024-11-05 00:29:48,698 - license_plate : R-183 JF
2024-11-05 00:29:48,698 - license_plate : R-183 JF
2024-11-05 00:29:48,698 - license_plate : R-183 JF
2024-11-05 00:29:48,698 - license_plate : R-183 JF
2024-11-05 00:29:48,698 - license_plate : R-183 JF
2024-11-05 00:29:48,698 - license_plate : R-183 JF
2024-11-05 00:29:48,885 - license_plate : R-1B3- JF
2024-11-05 00:29:48,885 - license_plate : R-1B3- JF
2024-11-05 00:29:48,885 - license_plate : R-1B3- JF
2024-11-05 00:29:48,885 - license_plate : R-1B3- JF
2024-11-05 00:29:48,885 - license_plate : R-1B3- JF
2024-11-05 00:29:48,885 - license_plate : R-1B3- JF
2024-11-05 00:29:48,885 - license_plate : R-1B3- JF
2024-11-05 00:29:48,885 - license_plate : R-1B3- JF
2024-11-05 00:29:48,885 - license_plate : R-1B3- JF
2024-11-05 00:29:48,885 - license_plate : R-1B3- JF
2024-11-05 00:29:48,885 - license_plate : R-1B3- JF
2024-11-05 00:29:48,885 - license_plate : R-1B3- JF
2024-11-05 00:29:48,885 - license_plate : R-1B3- JF
2024-11-05 00:29:48,885 - license_plate : R-1B3- JF
2024-11-05 00:29:48,885 - license_plate : R-1B3- JF
2024-11-05 00:29:48,885 - license_plate : R-1B3- JF
2024-11-05 00:29:48,885 - license_plate : R-1B3- JF
2024-11-05 00:29:48,885 - license_plate : R-1B3- JF
2024-11-05 00:29:48,885 - license_plate : R-1B3- JF
2024-11-05 00:29:48,885 - license_plate : R-1B3- JF
2024-11-05 00:29:48,885 - license_plate : R-1B3- JF
2024-11-05 00:29:48,885 - license_plate : R-1B3- JF
2024-11-05 00:29:48,885 - license_plate : R-1B3- JF
2024-11-05 00:29:49,069 - license_plate : R-183- JF
2024-11-05 00:29:49,069 - license_plate : R-183- JF
2024-11-05 00:29:49,069 - license_plate : R-183- JF
2024-11-05 00:29:49,069 - license_plate : R-183- JF
2024-11-05 00:29:49,069 - license_plate : R-183- JF
2024-11-05 00:29:49,069 - license_plate : R-183- JF
2024-11-05 00:29:49,069 - license_plate : R-183- JF
2024-11-05 00:29:49,069 - license_plate : R-183- JF
2024-11-05 00:29:49,069 - license_plate : R-183- JF
2024-11-05 00:29:49,069 - license_plate : R-183- JF
2024-11-05 00:29:49,069 - license_plate : R-183- JF
2024-11-05 00:29:49,069 - license_plate : R-183- JF
2024-11-05 00:29:49,069 - license_plate : R-183- JF
2024-11-05 00:29:49,069 - license_plate : R-183- JF
2024-11-05 00:29:49,069 - license_plate : R-183- JF
2024-11-05 00:29:49,069 - license_plate : R-183- JF
2024-11-05 00:29:49,069 - license_plate : R-183- JF
2024-11-05 00:29:49,069 - license_plate : R-183- JF
2024-11-05 00:29:49,069 - license_plate : R-183- JF
2024-11-05 00:29:49,069 - license_plate : R-183- JF
2024-11-05 00:29:49,069 - license_plate : R-183- JF
2024-11-05 00:29:49,069 - license_plate : R-183- JF
2024-11-05 00:29:49,069 - license_plate : R-183- JF
2024-11-05 00:29:49,069 - license_plate : R-183- JF
2024-11-05 00:29:49,258 - license_plate : R-183-JF
2024-11-05 00:29:49,258 - license_plate : R-183-JF
2024-11-05 00:29:49,258 - license_plate : R-183-JF
2024-11-05 00:29:49,258 - license_plate : R-183-JF
2024-11-05 00:29:49,258 - license_plate : R-183-JF
2024-11-05 00:29:49,258 - license_plate : R-183-JF
2024-11-05 00:29:49,258 - license_plate : R-183-JF
2024-11-05 00:29:49,258 - license_plate : R-183-JF
2024-11-05 00:29:49,258 - license_plate : R-183-JF
2024-11-05 00:29:49,258 - license_plate : R-183-JF
2024-11-05 00:29:49,258 - license_plate : R-183-JF
2024-11-05 00:29:49,258 - license_plate : R-183-JF
2024-11-05 00:29:49,258 - license_plate : R-183-JF
2024-11-05 00:29:49,258 - license_plate : R-183-JF
2024-11-05 00:29:49,258 - license_plate : R-183-JF
2024-11-05 00:29:49,258 - license_plate : R-183-JF
2024-11-05 00:29:49,258 - license_plate : R-183-JF
2024-11-05 00:29:49,258 - license_plate : R-183-JF
2024-11-05 00:29:49,258 - license_plate : R-183-JF
2024-11-05 00:29:49,258 - license_plate : R-183-JF
2024-11-05 00:29:49,258 - license_plate : R-183-JF
2024-11-05 00:29:49,258 - license_plate : R-183-JF
2024-11-05 00:29:49,258 - license_plate : R-183-JF
2024-11-05 00:29:49,258 - license_plate : R-183-JF
2024-11-05 00:29:49,258 - license_plate : R-183-JF
2024-11-05 00:29:49,442 - license_plate : R-183-JF
2024-11-05 00:29:49,442 - license_plate : R-183-JF
2024-11-05 00:29:49,442 - license_plate : R-183-JF
2024-11-05 00:29:49,442 - license_plate : R-183-JF
2024-11-05 00:29:49,442 - license_plate : R-183-JF
2024-11-05 00:29:49,442 - license_plate : R-183-JF
2024-11-05 00:29:49,442 - license_plate : R-183-JF
2024-11-05 00:29:49,442 - license_plate : R-183-JF
2024-11-05 00:29:49,442 - license_plate : R-183-JF
2024-11-05 00:29:49,442 - license_plate : R-183-JF
2024-11-05 00:29:49,442 - license_plate : R-183-JF
2024-11-05 00:29:49,442 - license_plate : R-183-JF
2024-11-05 00:29:49,442 - license_plate : R-183-JF
2024-11-05 00:29:49,442 - license_plate : R-183-JF
2024-11-05 00:29:49,442 - license_plate : R-183-JF
2024-11-05 00:29:49,442 - license_plate : R-183-JF
2024-11-05 00:29:49,442 - license_plate : R-183-JF
2024-11-05 00:29:49,442 - license_plate : R-183-JF
2024-11-05 00:29:49,442 - license_plate : R-183-JF
2024-11-05 00:29:49,442 - license_plate : R-183-JF
2024-11-05 00:29:49,442 - license_plate : R-183-JF
2024-11-05 00:29:49,442 - license_plate : R-183-JF
2024-11-05 00:29:49,442 - license_plate : R-183-JF
2024-11-05 00:29:49,442 - license_plate : R-183-JF
2024-11-05 00:29:49,442 - license_plate : R-183-JF
2024-11-05 00:29:49,442 - license_plate : R-183-JF
2024-11-05 00:29:49,616 - license_plate : R-183-JF
2024-11-05 00:29:49,616 - license_plate : R-183-JF
2024-11-05 00:29:49,616 - license_plate : R-183-JF
2024-11-05 00:29:49,616 - license_plate : R-183-JF
2024-11-05 00:29:49,616 - license_plate : R-183-JF
2024-11-05 00:29:49,616 - license_plate : R-183-JF
2024-11-05 00:29:49,616 - license_plate : R-183-JF
2024-11-05 00:29:49,616 - license_plate : R-183-JF
2024-11-05 00:29:49,616 - license_plate : R-183-JF
2024-11-05 00:29:49,616 - license_plate : R-183-JF
2024-11-05 00:29:49,616 - license_plate : R-183-JF
2024-11-05 00:29:49,616 - license_plate : R-183-JF
2024-11-05 00:29:49,616 - license_plate : R-183-JF
2024-11-05 00:29:49,616 - license_plate : R-183-JF
2024-11-05 00:29:49,616 - license_plate : R-183-JF
2024-11-05 00:29:49,616 - license_plate : R-183-JF
2024-11-05 00:29:49,616 - license_plate : R-183-JF
2024-11-05 00:29:49,616 - license_plate : R-183-JF
2024-11-05 00:29:49,616 - license_plate : R-183-JF
2024-11-05 00:29:49,616 - license_plate : R-183-JF
2024-11-05 00:29:49,616 - license_plate : R-183-JF
2024-11-05 00:29:49,616 - license_plate : R-183-JF
2024-11-05 00:29:49,616 - license_plate : R-183-JF
2024-11-05 00:29:49,616 - license_plate : R-183-JF
2024-11-05 00:29:49,616 - license_plate : R-183-JF
2024-11-05 00:29:49,616 - license_plate : R-183-JF
2024-11-05 00:29:49,616 - license_plate : R-183-JF
