2024-10-27 21:49:09,614 - license_plate : R-18) JF
2024-10-27 21:49:09,952 - license_plate : R-183-JF
2024-10-27 21:49:09,952 - license_plate : R-183-JF
2024-10-27 21:49:10,158 - license_plate : R-183-JF
2024-10-27 21:49:10,158 - license_plate : R-183-JF
2024-10-27 21:49:10,158 - license_plate : R-183-JF
2024-10-27 21:49:10,384 - license_plate : R-183-JF
2024-10-27 21:49:10,384 - license_plate : R-183-JF
2024-10-27 21:49:10,384 - license_plate : R-183-JF
2024-10-27 21:49:10,384 - license_plate : R-183-JF
2024-10-27 21:49:10,613 - license_plate : R-1B3-JF
2024-10-27 21:49:10,613 - license_plate : R-1B3-JF
2024-10-27 21:49:10,613 - license_plate : R-1B3-JF
2024-10-27 21:49:10,613 - license_plate : R-1B3-JF
2024-10-27 21:49:10,613 - license_plate : R-1B3-JF
2024-10-27 21:49:10,831 - license_plate : R-183-JF
2024-10-27 21:49:10,831 - license_plate : R-183-JF
2024-10-27 21:49:10,831 - license_plate : R-183-JF
2024-10-27 21:49:10,831 - license_plate : R-183-JF
2024-10-27 21:49:10,831 - license_plate : R-183-JF
2024-10-27 21:49:10,831 - license_plate : R-183-JF
2024-10-27 21:49:11,055 - license_plate : R-133-JF
2024-10-27 21:49:11,055 - license_plate : R-133-JF
2024-10-27 21:49:11,055 - license_plate : R-133-JF
2024-10-27 21:49:11,055 - license_plate : R-133-JF
2024-10-27 21:49:11,055 - license_plate : R-133-JF
2024-10-27 21:49:11,055 - license_plate : R-133-JF
2024-10-27 21:49:11,055 - license_plate : R-133-JF
2024-10-27 21:49:11,327 - license_plate : R-183 JF
2024-10-27 21:49:11,327 - license_plate : R-183 JF
2024-10-27 21:49:11,327 - license_plate : R-183 JF
2024-10-27 21:49:11,327 - license_plate : R-183 JF
2024-10-27 21:49:11,327 - license_plate : R-183 JF
2024-10-27 21:49:11,327 - license_plate : R-183 JF
2024-10-27 21:49:11,327 - license_plate : R-183 JF
2024-10-27 21:49:11,327 - license_plate : R-183 JF
2024-10-27 21:49:11,627 - license_plate : R-183 JF
2024-10-27 21:49:11,627 - license_plate : R-183 JF
2024-10-27 21:49:11,627 - license_plate : R-183 JF
2024-10-27 21:49:11,627 - license_plate : R-183 JF
2024-10-27 21:49:11,627 - license_plate : R-183 JF
2024-10-27 21:49:11,627 - license_plate : R-183 JF
2024-10-27 21:49:11,627 - license_plate : R-183 JF
2024-10-27 21:49:11,627 - license_plate : R-183 JF
2024-10-27 21:49:11,627 - license_plate : R-183 JF
2024-10-27 21:49:11,857 - license_plate : R-183-JF
2024-10-27 21:49:11,857 - license_plate : R-183-JF
2024-10-27 21:49:11,857 - license_plate : R-183-JF
2024-10-27 21:49:11,857 - license_plate : R-183-JF
2024-10-27 21:49:11,857 - license_plate : R-183-JF
2024-10-27 21:49:11,857 - license_plate : R-183-JF
2024-10-27 21:49:11,857 - license_plate : R-183-JF
2024-10-27 21:49:11,857 - license_plate : R-183-JF
2024-10-27 21:49:11,857 - license_plate : R-183-JF
2024-10-27 21:49:11,857 - license_plate : R-183-JF
2024-10-27 21:49:12,136 - license_plate : R-183-JF
2024-10-27 21:49:12,136 - license_plate : R-183-JF
2024-10-27 21:49:12,136 - license_plate : R-183-JF
2024-10-27 21:49:12,136 - license_plate : R-183-JF
2024-10-27 21:49:12,136 - license_plate : R-183-JF
2024-10-27 21:49:12,136 - license_plate : R-183-JF
2024-10-27 21:49:12,136 - license_plate : R-183-JF
2024-10-27 21:49:12,136 - license_plate : R-183-JF
2024-10-27 21:49:12,136 - license_plate : R-183-JF
2024-10-27 21:49:12,136 - license_plate : R-183-JF
2024-10-27 21:49:12,136 - license_plate : R-183-JF
2024-10-27 21:49:12,490 - license_plate : R-183-JF
2024-10-27 21:49:12,490 - license_plate : R-183-JF
2024-10-27 21:49:12,490 - license_plate : R-183-JF
2024-10-27 21:49:12,490 - license_plate : R-183-JF
2024-10-27 21:49:12,490 - license_plate : R-183-JF
2024-10-27 21:49:12,490 - license_plate : R-183-JF
2024-10-27 21:49:12,490 - license_plate : R-183-JF
2024-10-27 21:49:12,490 - license_plate : R-183-JF
2024-10-27 21:49:12,490 - license_plate : R-183-JF
2024-10-27 21:49:12,490 - license_plate : R-183-JF
2024-10-27 21:49:12,490 - license_plate : R-183-JF
2024-10-27 21:49:12,490 - license_plate : R-183-JF
2024-10-27 21:49:12,868 - license_plate : R-183-JF
2024-10-27 21:49:12,868 - license_plate : R-183-JF
2024-10-27 21:49:12,868 - license_plate : R-183-JF
2024-10-27 21:49:12,868 - license_plate : R-183-JF
2024-10-27 21:49:12,868 - license_plate : R-183-JF
2024-10-27 21:49:12,868 - license_plate : R-183-JF
2024-10-27 21:49:12,868 - license_plate : R-183-JF
2024-10-27 21:49:12,868 - license_plate : R-183-JF
2024-10-27 21:49:12,868 - license_plate : R-183-JF
2024-10-27 21:49:12,868 - license_plate : R-183-JF
2024-10-27 21:49:12,868 - license_plate : R-183-JF
2024-10-27 21:49:12,868 - license_plate : R-183-JF
2024-10-27 21:49:12,868 - license_plate : R-183-JF
2024-10-27 21:49:13,226 - license_plate : R-183-JF
2024-10-27 21:49:13,226 - license_plate : R-183-JF
2024-10-27 21:49:13,226 - license_plate : R-183-JF
2024-10-27 21:49:13,226 - license_plate : R-183-JF
2024-10-27 21:49:13,226 - license_plate : R-183-JF
2024-10-27 21:49:13,226 - license_plate : R-183-JF
2024-10-27 21:49:13,226 - license_plate : R-183-JF
2024-10-27 21:49:13,226 - license_plate : R-183-JF
2024-10-27 21:49:13,226 - license_plate : R-183-JF
2024-10-27 21:49:13,226 - license_plate : R-183-JF
2024-10-27 21:49:13,226 - license_plate : R-183-JF
2024-10-27 21:49:13,226 - license_plate : R-183-JF
2024-10-27 21:49:13,226 - license_plate : R-183-JF
2024-10-27 21:49:13,226 - license_plate : R-183-JF
2024-10-27 21:49:13,711 - license_plate : R-183-JF
2024-10-27 21:49:13,711 - license_plate : R-183-JF
2024-10-27 21:49:13,711 - license_plate : R-183-JF
2024-10-27 21:49:13,711 - license_plate : R-183-JF
2024-10-27 21:49:13,711 - license_plate : R-183-JF
2024-10-27 21:49:13,711 - license_plate : R-183-JF
2024-10-27 21:49:13,711 - license_plate : R-183-JF
2024-10-27 21:49:13,711 - license_plate : R-183-JF
2024-10-27 21:49:13,711 - license_plate : R-183-JF
2024-10-27 21:49:13,711 - license_plate : R-183-JF
2024-10-27 21:49:13,711 - license_plate : R-183-JF
2024-10-27 21:49:13,711 - license_plate : R-183-JF
2024-10-27 21:49:13,711 - license_plate : R-183-JF
2024-10-27 21:49:13,711 - license_plate : R-183-JF
2024-10-27 21:49:13,711 - license_plate : R-183-JF
2024-10-27 21:49:14,059 - license_plate : R-1B3-JF
2024-10-27 21:49:14,059 - license_plate : R-1B3-JF
2024-10-27 21:49:14,059 - license_plate : R-1B3-JF
2024-10-27 21:49:14,059 - license_plate : R-1B3-JF
2024-10-27 21:49:14,059 - license_plate : R-1B3-JF
2024-10-27 21:49:14,059 - license_plate : R-1B3-JF
2024-10-27 21:49:14,059 - license_plate : R-1B3-JF
2024-10-27 21:49:14,059 - license_plate : R-1B3-JF
2024-10-27 21:49:14,059 - license_plate : R-1B3-JF
2024-10-27 21:49:14,059 - license_plate : R-1B3-JF
2024-10-27 21:49:14,059 - license_plate : R-1B3-JF
2024-10-27 21:49:14,059 - license_plate : R-1B3-JF
2024-10-27 21:49:14,059 - license_plate : R-1B3-JF
2024-10-27 21:49:14,059 - license_plate : R-1B3-JF
2024-10-27 21:49:14,059 - license_plate : R-1B3-JF
2024-10-27 21:49:14,059 - license_plate : R-1B3-JF
2024-10-27 21:49:14,399 - license_plate : R-183 JF
2024-10-27 21:49:14,399 - license_plate : R-183 JF
2024-10-27 21:49:14,399 - license_plate : R-183 JF
2024-10-27 21:49:14,399 - license_plate : R-183 JF
2024-10-27 21:49:14,399 - license_plate : R-183 JF
2024-10-27 21:49:14,399 - license_plate : R-183 JF
2024-10-27 21:49:14,399 - license_plate : R-183 JF
2024-10-27 21:49:14,399 - license_plate : R-183 JF
2024-10-27 21:49:14,399 - license_plate : R-183 JF
2024-10-27 21:49:14,399 - license_plate : R-183 JF
2024-10-27 21:49:14,399 - license_plate : R-183 JF
2024-10-27 21:49:14,399 - license_plate : R-183 JF
2024-10-27 21:49:14,399 - license_plate : R-183 JF
2024-10-27 21:49:14,399 - license_plate : R-183 JF
2024-10-27 21:49:14,399 - license_plate : R-183 JF
2024-10-27 21:49:14,399 - license_plate : R-183 JF
2024-10-27 21:49:14,399 - license_plate : R-183 JF
2024-10-27 21:49:14,843 - license_plate : R1B3 JF
2024-10-27 21:49:14,843 - license_plate : R1B3 JF
2024-10-27 21:49:14,843 - license_plate : R1B3 JF
2024-10-27 21:49:14,843 - license_plate : R1B3 JF
2024-10-27 21:49:14,843 - license_plate : R1B3 JF
2024-10-27 21:49:14,843 - license_plate : R1B3 JF
2024-10-27 21:49:14,843 - license_plate : R1B3 JF
2024-10-27 21:49:14,843 - license_plate : R1B3 JF
2024-10-27 21:49:14,843 - license_plate : R1B3 JF
2024-10-27 21:49:14,843 - license_plate : R1B3 JF
2024-10-27 21:49:14,843 - license_plate : R1B3 JF
2024-10-27 21:49:14,843 - license_plate : R1B3 JF
2024-10-27 21:49:14,843 - license_plate : R1B3 JF
2024-10-27 21:49:14,843 - license_plate : R1B3 JF
2024-10-27 21:49:14,843 - license_plate : R1B3 JF
2024-10-27 21:49:14,843 - license_plate : R1B3 JF
2024-10-27 21:49:14,843 - license_plate : R1B3 JF
2024-10-27 21:49:14,843 - license_plate : R1B3 JF
2024-10-27 21:49:15,187 - license_plate : R-1B3-JF
2024-10-27 21:49:15,187 - license_plate : R-1B3-JF
2024-10-27 21:49:15,187 - license_plate : R-1B3-JF
2024-10-27 21:49:15,187 - license_plate : R-1B3-JF
2024-10-27 21:49:15,187 - license_plate : R-1B3-JF
2024-10-27 21:49:15,187 - license_plate : R-1B3-JF
2024-10-27 21:49:15,187 - license_plate : R-1B3-JF
2024-10-27 21:49:15,187 - license_plate : R-1B3-JF
2024-10-27 21:49:15,187 - license_plate : R-1B3-JF
2024-10-27 21:49:15,187 - license_plate : R-1B3-JF
2024-10-27 21:49:15,187 - license_plate : R-1B3-JF
2024-10-27 21:49:15,187 - license_plate : R-1B3-JF
2024-10-27 21:49:15,187 - license_plate : R-1B3-JF
2024-10-27 21:49:15,187 - license_plate : R-1B3-JF
2024-10-27 21:49:15,187 - license_plate : R-1B3-JF
2024-10-27 21:49:15,187 - license_plate : R-1B3-JF
2024-10-27 21:49:15,187 - license_plate : R-1B3-JF
2024-10-27 21:49:15,187 - license_plate : R-1B3-JF
2024-10-27 21:49:15,187 - license_plate : R-1B3-JF
2024-10-27 21:49:15,447 - license_plate : R-103 JF
2024-10-27 21:49:15,447 - license_plate : R-103 JF
2024-10-27 21:49:15,447 - license_plate : R-103 JF
2024-10-27 21:49:15,447 - license_plate : R-103 JF
2024-10-27 21:49:15,447 - license_plate : R-103 JF
2024-10-27 21:49:15,447 - license_plate : R-103 JF
2024-10-27 21:49:15,447 - license_plate : R-103 JF
2024-10-27 21:49:15,447 - license_plate : R-103 JF
2024-10-27 21:49:15,447 - license_plate : R-103 JF
2024-10-27 21:49:15,447 - license_plate : R-103 JF
2024-10-27 21:49:15,447 - license_plate : R-103 JF
2024-10-27 21:49:15,447 - license_plate : R-103 JF
2024-10-27 21:49:15,447 - license_plate : R-103 JF
2024-10-27 21:49:15,447 - license_plate : R-103 JF
2024-10-27 21:49:15,447 - license_plate : R-103 JF
2024-10-27 21:49:15,447 - license_plate : R-103 JF
2024-10-27 21:49:15,447 - license_plate : R-103 JF
2024-10-27 21:49:15,447 - license_plate : R-103 JF
2024-10-27 21:49:15,447 - license_plate : R-103 JF
2024-10-27 21:49:15,447 - license_plate : R-103 JF
2024-10-27 21:49:15,746 - license_plate : RIB3 JF
2024-10-27 21:49:15,746 - license_plate : RIB3 JF
2024-10-27 21:49:15,746 - license_plate : RIB3 JF
2024-10-27 21:49:15,746 - license_plate : RIB3 JF
2024-10-27 21:49:15,746 - license_plate : RIB3 JF
2024-10-27 21:49:15,746 - license_plate : RIB3 JF
2024-10-27 21:49:15,746 - license_plate : RIB3 JF
2024-10-27 21:49:15,746 - license_plate : RIB3 JF
2024-10-27 21:49:15,746 - license_plate : RIB3 JF
2024-10-27 21:49:15,746 - license_plate : RIB3 JF
2024-10-27 21:49:15,746 - license_plate : RIB3 JF
2024-10-27 21:49:15,746 - license_plate : RIB3 JF
2024-10-27 21:49:15,746 - license_plate : RIB3 JF
2024-10-27 21:49:15,746 - license_plate : RIB3 JF
2024-10-27 21:49:15,746 - license_plate : RIB3 JF
2024-10-27 21:49:15,746 - license_plate : RIB3 JF
2024-10-27 21:49:15,746 - license_plate : RIB3 JF
2024-10-27 21:49:15,746 - license_plate : RIB3 JF
2024-10-27 21:49:15,746 - license_plate : RIB3 JF
2024-10-27 21:49:15,746 - license_plate : RIB3 JF
2024-10-27 21:49:15,746 - license_plate : RIB3 JF
2024-10-27 21:49:16,030 - license_plate : R-183 JF
2024-10-27 21:49:16,030 - license_plate : R-183 JF
2024-10-27 21:49:16,030 - license_plate : R-183 JF
2024-10-27 21:49:16,030 - license_plate : R-183 JF
2024-10-27 21:49:16,030 - license_plate : R-183 JF
2024-10-27 21:49:16,030 - license_plate : R-183 JF
2024-10-27 21:49:16,030 - license_plate : R-183 JF
2024-10-27 21:49:16,030 - license_plate : R-183 JF
2024-10-27 21:49:16,030 - license_plate : R-183 JF
2024-10-27 21:49:16,030 - license_plate : R-183 JF
2024-10-27 21:49:16,030 - license_plate : R-183 JF
2024-10-27 21:49:16,030 - license_plate : R-183 JF
2024-10-27 21:49:16,030 - license_plate : R-183 JF
2024-10-27 21:49:16,030 - license_plate : R-183 JF
2024-10-27 21:49:16,030 - license_plate : R-183 JF
2024-10-27 21:49:16,030 - license_plate : R-183 JF
2024-10-27 21:49:16,030 - license_plate : R-183 JF
2024-10-27 21:49:16,030 - license_plate : R-183 JF
2024-10-27 21:49:16,030 - license_plate : R-183 JF
2024-10-27 21:49:16,030 - license_plate : R-183 JF
2024-10-27 21:49:16,030 - license_plate : R-183 JF
2024-10-27 21:49:16,030 - license_plate : R-183 JF
2024-10-27 21:49:16,298 - license_plate : R-1B3- JF
2024-10-27 21:49:16,298 - license_plate : R-1B3- JF
2024-10-27 21:49:16,298 - license_plate : R-1B3- JF
2024-10-27 21:49:16,298 - license_plate : R-1B3- JF
2024-10-27 21:49:16,298 - license_plate : R-1B3- JF
2024-10-27 21:49:16,298 - license_plate : R-1B3- JF
2024-10-27 21:49:16,298 - license_plate : R-1B3- JF
2024-10-27 21:49:16,298 - license_plate : R-1B3- JF
2024-10-27 21:49:16,298 - license_plate : R-1B3- JF
2024-10-27 21:49:16,298 - license_plate : R-1B3- JF
2024-10-27 21:49:16,298 - license_plate : R-1B3- JF
2024-10-27 21:49:16,298 - license_plate : R-1B3- JF
2024-10-27 21:49:16,298 - license_plate : R-1B3- JF
2024-10-27 21:49:16,298 - license_plate : R-1B3- JF
2024-10-27 21:49:16,298 - license_plate : R-1B3- JF
2024-10-27 21:49:16,298 - license_plate : R-1B3- JF
2024-10-27 21:49:16,298 - license_plate : R-1B3- JF
2024-10-27 21:49:16,298 - license_plate : R-1B3- JF
2024-10-27 21:49:16,298 - license_plate : R-1B3- JF
2024-10-27 21:49:16,298 - license_plate : R-1B3- JF
2024-10-27 21:49:16,298 - license_plate : R-1B3- JF
2024-10-27 21:49:16,298 - license_plate : R-1B3- JF
2024-10-27 21:49:16,298 - license_plate : R-1B3- JF
2024-10-27 21:49:16,585 - license_plate : R-183- JF
2024-10-27 21:49:16,585 - license_plate : R-183- JF
2024-10-27 21:49:16,585 - license_plate : R-183- JF
2024-10-27 21:49:16,585 - license_plate : R-183- JF
2024-10-27 21:49:16,585 - license_plate : R-183- JF
2024-10-27 21:49:16,585 - license_plate : R-183- JF
2024-10-27 21:49:16,585 - license_plate : R-183- JF
2024-10-27 21:49:16,585 - license_plate : R-183- JF
2024-10-27 21:49:16,585 - license_plate : R-183- JF
2024-10-27 21:49:16,585 - license_plate : R-183- JF
2024-10-27 21:49:16,585 - license_plate : R-183- JF
2024-10-27 21:49:16,585 - license_plate : R-183- JF
2024-10-27 21:49:16,585 - license_plate : R-183- JF
2024-10-27 21:49:16,585 - license_plate : R-183- JF
2024-10-27 21:49:16,585 - license_plate : R-183- JF
2024-10-27 21:49:16,585 - license_plate : R-183- JF
2024-10-27 21:49:16,585 - license_plate : R-183- JF
2024-10-27 21:49:16,585 - license_plate : R-183- JF
2024-10-27 21:49:16,585 - license_plate : R-183- JF
2024-10-27 21:49:16,585 - license_plate : R-183- JF
2024-10-27 21:49:16,585 - license_plate : R-183- JF
2024-10-27 21:49:16,585 - license_plate : R-183- JF
2024-10-27 21:49:16,585 - license_plate : R-183- JF
2024-10-27 21:49:16,585 - license_plate : R-183- JF
2024-10-27 21:49:16,910 - license_plate : R-183-JF
2024-10-27 21:49:16,910 - license_plate : R-183-JF
2024-10-27 21:49:16,910 - license_plate : R-183-JF
2024-10-27 21:49:16,910 - license_plate : R-183-JF
2024-10-27 21:49:16,910 - license_plate : R-183-JF
2024-10-27 21:49:16,910 - license_plate : R-183-JF
2024-10-27 21:49:16,910 - license_plate : R-183-JF
2024-10-27 21:49:16,910 - license_plate : R-183-JF
2024-10-27 21:49:16,910 - license_plate : R-183-JF
2024-10-27 21:49:16,910 - license_plate : R-183-JF
2024-10-27 21:49:16,910 - license_plate : R-183-JF
2024-10-27 21:49:16,910 - license_plate : R-183-JF
2024-10-27 21:49:16,910 - license_plate : R-183-JF
2024-10-27 21:49:16,910 - license_plate : R-183-JF
2024-10-27 21:49:16,910 - license_plate : R-183-JF
2024-10-27 21:49:16,910 - license_plate : R-183-JF
2024-10-27 21:49:16,910 - license_plate : R-183-JF
2024-10-27 21:49:16,910 - license_plate : R-183-JF
2024-10-27 21:49:16,910 - license_plate : R-183-JF
2024-10-27 21:49:16,910 - license_plate : R-183-JF
2024-10-27 21:49:16,910 - license_plate : R-183-JF
2024-10-27 21:49:16,910 - license_plate : R-183-JF
2024-10-27 21:49:16,910 - license_plate : R-183-JF
2024-10-27 21:49:16,910 - license_plate : R-183-JF
2024-10-27 21:49:16,910 - license_plate : R-183-JF
2024-10-27 21:49:17,403 - license_plate : R-183-JF
2024-10-27 21:49:17,403 - license_plate : R-183-JF
2024-10-27 21:49:17,403 - license_plate : R-183-JF
2024-10-27 21:49:17,403 - license_plate : R-183-JF
2024-10-27 21:49:17,403 - license_plate : R-183-JF
2024-10-27 21:49:17,403 - license_plate : R-183-JF
2024-10-27 21:49:17,403 - license_plate : R-183-JF
2024-10-27 21:49:17,403 - license_plate : R-183-JF
2024-10-27 21:49:17,403 - license_plate : R-183-JF
2024-10-27 21:49:17,403 - license_plate : R-183-JF
2024-10-27 21:49:17,403 - license_plate : R-183-JF
2024-10-27 21:49:17,403 - license_plate : R-183-JF
2024-10-27 21:49:17,403 - license_plate : R-183-JF
2024-10-27 21:49:17,403 - license_plate : R-183-JF
2024-10-27 21:49:17,403 - license_plate : R-183-JF
2024-10-27 21:49:17,403 - license_plate : R-183-JF
2024-10-27 21:49:17,403 - license_plate : R-183-JF
2024-10-27 21:49:17,403 - license_plate : R-183-JF
2024-10-27 21:49:17,403 - license_plate : R-183-JF
2024-10-27 21:49:17,403 - license_plate : R-183-JF
2024-10-27 21:49:17,403 - license_plate : R-183-JF
2024-10-27 21:49:17,403 - license_plate : R-183-JF
2024-10-27 21:49:17,403 - license_plate : R-183-JF
2024-10-27 21:49:17,403 - license_plate : R-183-JF
2024-10-27 21:49:17,403 - license_plate : R-183-JF
2024-10-27 21:49:17,403 - license_plate : R-183-JF
2024-10-27 21:49:17,681 - license_plate : R-183-JF
2024-10-27 21:49:17,681 - license_plate : R-183-JF
2024-10-27 21:49:17,681 - license_plate : R-183-JF
2024-10-27 21:49:17,681 - license_plate : R-183-JF
2024-10-27 21:49:17,681 - license_plate : R-183-JF
2024-10-27 21:49:17,681 - license_plate : R-183-JF
2024-10-27 21:49:17,681 - license_plate : R-183-JF
2024-10-27 21:49:17,681 - license_plate : R-183-JF
2024-10-27 21:49:17,681 - license_plate : R-183-JF
2024-10-27 21:49:17,681 - license_plate : R-183-JF
2024-10-27 21:49:17,681 - license_plate : R-183-JF
2024-10-27 21:49:17,681 - license_plate : R-183-JF
2024-10-27 21:49:17,681 - license_plate : R-183-JF
2024-10-27 21:49:17,681 - license_plate : R-183-JF
2024-10-27 21:49:17,681 - license_plate : R-183-JF
2024-10-27 21:49:17,681 - license_plate : R-183-JF
2024-10-27 21:49:17,681 - license_plate : R-183-JF
2024-10-27 21:49:17,681 - license_plate : R-183-JF
2024-10-27 21:49:17,681 - license_plate : R-183-JF
2024-10-27 21:49:17,681 - license_plate : R-183-JF
2024-10-27 21:49:17,681 - license_plate : R-183-JF
2024-10-27 21:49:17,681 - license_plate : R-183-JF
2024-10-27 21:49:17,681 - license_plate : R-183-JF
2024-10-27 21:49:17,681 - license_plate : R-183-JF
2024-10-27 21:49:17,681 - license_plate : R-183-JF
2024-10-27 21:49:17,681 - license_plate : R-183-JF
2024-10-27 21:49:17,681 - license_plate : R-183-JF
2024-10-27 21:49:18,067 - license_plate : R-4B3-JF
2024-10-27 21:49:18,067 - license_plate : R-4B3-JF
2024-10-27 21:49:18,067 - license_plate : R-4B3-JF
2024-10-27 21:49:18,067 - license_plate : R-4B3-JF
2024-10-27 21:49:18,067 - license_plate : R-4B3-JF
2024-10-27 21:49:18,067 - license_plate : R-4B3-JF
2024-10-27 21:49:18,067 - license_plate : R-4B3-JF
2024-10-27 21:49:18,067 - license_plate : R-4B3-JF
2024-10-27 21:49:18,067 - license_plate : R-4B3-JF
2024-10-27 21:49:18,067 - license_plate : R-4B3-JF
2024-10-27 21:49:18,067 - license_plate : R-4B3-JF
2024-10-27 21:49:18,067 - license_plate : R-4B3-JF
2024-10-27 21:49:18,067 - license_plate : R-4B3-JF
2024-10-27 21:49:18,067 - license_plate : R-4B3-JF
2024-10-27 21:49:18,067 - license_plate : R-4B3-JF
2024-10-27 21:49:18,067 - license_plate : R-4B3-JF
2024-10-27 21:49:18,067 - license_plate : R-4B3-JF
2024-10-27 21:49:18,067 - license_plate : R-4B3-JF
2024-10-27 21:49:18,067 - license_plate : R-4B3-JF
2024-10-27 21:49:18,067 - license_plate : R-4B3-JF
2024-10-27 21:49:18,067 - license_plate : R-4B3-JF
2024-10-27 21:49:18,067 - license_plate : R-4B3-JF
2024-10-27 21:49:18,067 - license_plate : R-4B3-JF
2024-10-27 21:49:18,067 - license_plate : R-4B3-JF
2024-10-27 21:49:18,067 - license_plate : R-4B3-JF
2024-10-27 21:49:18,067 - license_plate : R-4B3-JF
2024-10-27 21:49:18,067 - license_plate : R-4B3-JF
2024-10-27 21:49:18,067 - license_plate : R-4B3-JF
2024-10-27 21:49:18,292 - license_plate : R-183-JF
2024-10-27 21:49:18,292 - license_plate : R-183-JF
2024-10-27 21:49:18,292 - license_plate : R-183-JF
2024-10-27 21:49:18,292 - license_plate : R-183-JF
2024-10-27 21:49:18,292 - license_plate : R-183-JF
2024-10-27 21:49:18,292 - license_plate : R-183-JF
2024-10-27 21:49:18,292 - license_plate : R-183-JF
2024-10-27 21:49:18,292 - license_plate : R-183-JF
2024-10-27 21:49:18,292 - license_plate : R-183-JF
2024-10-27 21:49:18,292 - license_plate : R-183-JF
2024-10-27 21:49:18,292 - license_plate : R-183-JF
2024-10-27 21:49:18,292 - license_plate : R-183-JF
2024-10-27 21:49:18,292 - license_plate : R-183-JF
2024-10-27 21:49:18,292 - license_plate : R-183-JF
2024-10-27 21:49:18,292 - license_plate : R-183-JF
2024-10-27 21:49:18,292 - license_plate : R-183-JF
2024-10-27 21:49:18,292 - license_plate : R-183-JF
2024-10-27 21:49:18,292 - license_plate : R-183-JF
2024-10-27 21:49:18,292 - license_plate : R-183-JF
2024-10-27 21:49:18,292 - license_plate : R-183-JF
2024-10-27 21:49:18,292 - license_plate : R-183-JF
2024-10-27 21:49:18,292 - license_plate : R-183-JF
2024-10-27 21:49:18,292 - license_plate : R-183-JF
2024-10-27 21:49:18,292 - license_plate : R-183-JF
2024-10-27 21:49:18,292 - license_plate : R-183-JF
2024-10-27 21:49:18,292 - license_plate : R-183-JF
2024-10-27 21:49:18,292 - license_plate : R-183-JF
2024-10-27 21:49:18,292 - license_plate : R-183-JF
2024-10-27 21:49:18,292 - license_plate : R-183-JF
2024-10-27 21:49:18,479 - license_plate : R-183-JF
2024-10-27 21:49:18,479 - license_plate : R-183-JF
2024-10-27 21:49:18,479 - license_plate : R-183-JF
2024-10-27 21:49:18,479 - license_plate : R-183-JF
2024-10-27 21:49:18,479 - license_plate : R-183-JF
2024-10-27 21:49:18,479 - license_plate : R-183-JF
2024-10-27 21:49:18,479 - license_plate : R-183-JF
2024-10-27 21:49:18,479 - license_plate : R-183-JF
2024-10-27 21:49:18,479 - license_plate : R-183-JF
2024-10-27 21:49:18,479 - license_plate : R-183-JF
2024-10-27 21:49:18,479 - license_plate : R-183-JF
2024-10-27 21:49:18,479 - license_plate : R-183-JF
2024-10-27 21:49:18,479 - license_plate : R-183-JF
2024-10-27 21:49:18,479 - license_plate : R-183-JF
2024-10-27 21:49:18,479 - license_plate : R-183-JF
2024-10-27 21:49:18,479 - license_plate : R-183-JF
2024-10-27 21:49:18,479 - license_plate : R-183-JF
2024-10-27 21:49:18,479 - license_plate : R-183-JF
2024-10-27 21:49:18,479 - license_plate : R-183-JF
2024-10-27 21:49:18,479 - license_plate : R-183-JF
2024-10-27 21:49:18,479 - license_plate : R-183-JF
2024-10-27 21:49:18,479 - license_plate : R-183-JF
2024-10-27 21:49:18,479 - license_plate : R-183-JF
2024-10-27 21:49:18,479 - license_plate : R-183-JF
2024-10-27 21:49:18,479 - license_plate : R-183-JF
2024-10-27 21:49:18,479 - license_plate : R-183-JF
2024-10-27 21:49:18,479 - license_plate : R-183-JF
2024-10-27 21:49:18,479 - license_plate : R-183-JF
2024-10-27 21:49:18,479 - license_plate : R-183-JF
2024-10-27 21:49:18,479 - license_plate : R-183-JF
2024-10-27 21:49:18,682 - license_plate : R-183 -JF
2024-10-27 21:49:18,682 - license_plate : R-183 -JF
2024-10-27 21:49:18,682 - license_plate : R-183 -JF
2024-10-27 21:49:18,682 - license_plate : R-183 -JF
2024-10-27 21:49:18,682 - license_plate : R-183 -JF
2024-10-27 21:49:18,682 - license_plate : R-183 -JF
2024-10-27 21:49:18,682 - license_plate : R-183 -JF
2024-10-27 21:49:18,682 - license_plate : R-183 -JF
2024-10-27 21:49:18,682 - license_plate : R-183 -JF
2024-10-27 21:49:18,682 - license_plate : R-183 -JF
2024-10-27 21:49:18,682 - license_plate : R-183 -JF
2024-10-27 21:49:18,682 - license_plate : R-183 -JF
2024-10-27 21:49:18,682 - license_plate : R-183 -JF
2024-10-27 21:49:18,682 - license_plate : R-183 -JF
2024-10-27 21:49:18,682 - license_plate : R-183 -JF
2024-10-27 21:49:18,682 - license_plate : R-183 -JF
2024-10-27 21:49:18,682 - license_plate : R-183 -JF
2024-10-27 21:49:18,682 - license_plate : R-183 -JF
2024-10-27 21:49:18,682 - license_plate : R-183 -JF
2024-10-27 21:49:18,682 - license_plate : R-183 -JF
2024-10-27 21:49:18,682 - license_plate : R-183 -JF
2024-10-27 21:49:18,682 - license_plate : R-183 -JF
2024-10-27 21:49:18,682 - license_plate : R-183 -JF
2024-10-27 21:49:18,682 - license_plate : R-183 -JF
2024-10-27 21:49:18,682 - license_plate : R-183 -JF
2024-10-27 21:49:18,682 - license_plate : R-183 -JF
2024-10-27 21:49:18,682 - license_plate : R-183 -JF
2024-10-27 21:49:18,682 - license_plate : R-183 -JF
2024-10-27 21:49:18,682 - license_plate : R-183 -JF
2024-10-27 21:49:18,682 - license_plate : R-183 -JF
2024-10-27 21:49:18,682 - license_plate : R-183 -JF
2024-10-27 21:49:18,860 - license_plate : R-183-JF
2024-10-27 21:49:18,860 - license_plate : R-183-JF
2024-10-27 21:49:18,860 - license_plate : R-183-JF
2024-10-27 21:49:18,860 - license_plate : R-183-JF
2024-10-27 21:49:18,860 - license_plate : R-183-JF
2024-10-27 21:49:18,860 - license_plate : R-183-JF
2024-10-27 21:49:18,860 - license_plate : R-183-JF
2024-10-27 21:49:18,860 - license_plate : R-183-JF
2024-10-27 21:49:18,860 - license_plate : R-183-JF
2024-10-27 21:49:18,860 - license_plate : R-183-JF
2024-10-27 21:49:18,860 - license_plate : R-183-JF
2024-10-27 21:49:18,860 - license_plate : R-183-JF
2024-10-27 21:49:18,860 - license_plate : R-183-JF
2024-10-27 21:49:18,860 - license_plate : R-183-JF
2024-10-27 21:49:18,860 - license_plate : R-183-JF
2024-10-27 21:49:18,860 - license_plate : R-183-JF
2024-10-27 21:49:18,860 - license_plate : R-183-JF
2024-10-27 21:49:18,860 - license_plate : R-183-JF
2024-10-27 21:49:18,860 - license_plate : R-183-JF
2024-10-27 21:49:18,860 - license_plate : R-183-JF
2024-10-27 21:49:18,860 - license_plate : R-183-JF
2024-10-27 21:49:18,860 - license_plate : R-183-JF
2024-10-27 21:49:18,860 - license_plate : R-183-JF
2024-10-27 21:49:18,860 - license_plate : R-183-JF
2024-10-27 21:49:18,860 - license_plate : R-183-JF
2024-10-27 21:49:18,860 - license_plate : R-183-JF
2024-10-27 21:49:18,860 - license_plate : R-183-JF
2024-10-27 21:49:18,860 - license_plate : R-183-JF
2024-10-27 21:49:18,860 - license_plate : R-183-JF
2024-10-27 21:49:18,860 - license_plate : R-183-JF
2024-10-27 21:49:18,860 - license_plate : R-183-JF
2024-10-27 21:49:18,860 - license_plate : R-183-JF
2024-10-27 21:49:19,050 - license_plate : R-183-JF
2024-10-27 21:49:19,050 - license_plate : R-183-JF
2024-10-27 21:49:19,050 - license_plate : R-183-JF
2024-10-27 21:49:19,050 - license_plate : R-183-JF
2024-10-27 21:49:19,050 - license_plate : R-183-JF
2024-10-27 21:49:19,050 - license_plate : R-183-JF
2024-10-27 21:49:19,050 - license_plate : R-183-JF
2024-10-27 21:49:19,050 - license_plate : R-183-JF
2024-10-27 21:49:19,050 - license_plate : R-183-JF
2024-10-27 21:49:19,050 - license_plate : R-183-JF
2024-10-27 21:49:19,050 - license_plate : R-183-JF
2024-10-27 21:49:19,050 - license_plate : R-183-JF
2024-10-27 21:49:19,050 - license_plate : R-183-JF
2024-10-27 21:49:19,050 - license_plate : R-183-JF
2024-10-27 21:49:19,050 - license_plate : R-183-JF
2024-10-27 21:49:19,050 - license_plate : R-183-JF
2024-10-27 21:49:19,050 - license_plate : R-183-JF
2024-10-27 21:49:19,050 - license_plate : R-183-JF
2024-10-27 21:49:19,050 - license_plate : R-183-JF
2024-10-27 21:49:19,050 - license_plate : R-183-JF
2024-10-27 21:49:19,050 - license_plate : R-183-JF
2024-10-27 21:49:19,050 - license_plate : R-183-JF
2024-10-27 21:49:19,050 - license_plate : R-183-JF
2024-10-27 21:49:19,050 - license_plate : R-183-JF
2024-10-27 21:49:19,050 - license_plate : R-183-JF
2024-10-27 21:49:19,050 - license_plate : R-183-JF
2024-10-27 21:49:19,050 - license_plate : R-183-JF
2024-10-27 21:49:19,050 - license_plate : R-183-JF
2024-10-27 21:49:19,050 - license_plate : R-183-JF
2024-10-27 21:49:19,050 - license_plate : R-183-JF
2024-10-27 21:49:19,050 - license_plate : R-183-JF
2024-10-27 21:49:19,050 - license_plate : R-183-JF
2024-10-27 21:49:19,050 - license_plate : R-183-JF
2024-10-27 21:49:19,279 - license_plate : R-183-JF
2024-10-27 21:49:19,279 - license_plate : R-183-JF
2024-10-27 21:49:19,279 - license_plate : R-183-JF
2024-10-27 21:49:19,279 - license_plate : R-183-JF
2024-10-27 21:49:19,279 - license_plate : R-183-JF
2024-10-27 21:49:19,279 - license_plate : R-183-JF
2024-10-27 21:49:19,279 - license_plate : R-183-JF
2024-10-27 21:49:19,279 - license_plate : R-183-JF
2024-10-27 21:49:19,279 - license_plate : R-183-JF
2024-10-27 21:49:19,279 - license_plate : R-183-JF
2024-10-27 21:49:19,279 - license_plate : R-183-JF
2024-10-27 21:49:19,279 - license_plate : R-183-JF
2024-10-27 21:49:19,279 - license_plate : R-183-JF
2024-10-27 21:49:19,279 - license_plate : R-183-JF
2024-10-27 21:49:19,279 - license_plate : R-183-JF
2024-10-27 21:49:19,279 - license_plate : R-183-JF
2024-10-27 21:49:19,279 - license_plate : R-183-JF
2024-10-27 21:49:19,279 - license_plate : R-183-JF
2024-10-27 21:49:19,279 - license_plate : R-183-JF
2024-10-27 21:49:19,279 - license_plate : R-183-JF
2024-10-27 21:49:19,279 - license_plate : R-183-JF
2024-10-27 21:49:19,279 - license_plate : R-183-JF
2024-10-27 21:49:19,279 - license_plate : R-183-JF
2024-10-27 21:49:19,279 - license_plate : R-183-JF
2024-10-27 21:49:19,279 - license_plate : R-183-JF
2024-10-27 21:49:19,279 - license_plate : R-183-JF
2024-10-27 21:49:19,279 - license_plate : R-183-JF
2024-10-27 21:49:19,279 - license_plate : R-183-JF
2024-10-27 21:49:19,279 - license_plate : R-183-JF
2024-10-27 21:49:19,279 - license_plate : R-183-JF
2024-10-27 21:49:19,279 - license_plate : R-183-JF
2024-10-27 21:49:19,279 - license_plate : R-183-JF
2024-10-27 21:49:19,279 - license_plate : R-183-JF
2024-10-27 21:49:19,279 - license_plate : R-183-JF
2024-10-27 21:49:19,472 - license_plate : R-183-JF
2024-10-27 21:49:19,472 - license_plate : R-183-JF
2024-10-27 21:49:19,472 - license_plate : R-183-JF
2024-10-27 21:49:19,472 - license_plate : R-183-JF
2024-10-27 21:49:19,472 - license_plate : R-183-JF
2024-10-27 21:49:19,472 - license_plate : R-183-JF
2024-10-27 21:49:19,472 - license_plate : R-183-JF
2024-10-27 21:49:19,472 - license_plate : R-183-JF
2024-10-27 21:49:19,472 - license_plate : R-183-JF
2024-10-27 21:49:19,472 - license_plate : R-183-JF
2024-10-27 21:49:19,472 - license_plate : R-183-JF
2024-10-27 21:49:19,472 - license_plate : R-183-JF
2024-10-27 21:49:19,472 - license_plate : R-183-JF
2024-10-27 21:49:19,472 - license_plate : R-183-JF
2024-10-27 21:49:19,472 - license_plate : R-183-JF
2024-10-27 21:49:19,472 - license_plate : R-183-JF
2024-10-27 21:49:19,472 - license_plate : R-183-JF
2024-10-27 21:49:19,472 - license_plate : R-183-JF
2024-10-27 21:49:19,472 - license_plate : R-183-JF
2024-10-27 21:49:19,472 - license_plate : R-183-JF
2024-10-27 21:49:19,472 - license_plate : R-183-JF
2024-10-27 21:49:19,472 - license_plate : R-183-JF
2024-10-27 21:49:19,472 - license_plate : R-183-JF
2024-10-27 21:49:19,472 - license_plate : R-183-JF
2024-10-27 21:49:19,472 - license_plate : R-183-JF
2024-10-27 21:49:19,472 - license_plate : R-183-JF
2024-10-27 21:49:19,472 - license_plate : R-183-JF
2024-10-27 21:49:19,472 - license_plate : R-183-JF
2024-10-27 21:49:19,472 - license_plate : R-183-JF
2024-10-27 21:49:19,472 - license_plate : R-183-JF
2024-10-27 21:49:19,472 - license_plate : R-183-JF
2024-10-27 21:49:19,472 - license_plate : R-183-JF
2024-10-27 21:49:19,472 - license_plate : R-183-JF
2024-10-27 21:49:19,472 - license_plate : R-183-JF
2024-10-27 21:49:19,472 - license_plate : R-183-JF
2024-10-27 21:49:19,655 - license_plate : R-183-JF
2024-10-27 21:49:19,655 - license_plate : R-183-JF
2024-10-27 21:49:19,655 - license_plate : R-183-JF
2024-10-27 21:49:19,655 - license_plate : R-183-JF
2024-10-27 21:49:19,655 - license_plate : R-183-JF
2024-10-27 21:49:19,655 - license_plate : R-183-JF
2024-10-27 21:49:19,655 - license_plate : R-183-JF
2024-10-27 21:49:19,655 - license_plate : R-183-JF
2024-10-27 21:49:19,655 - license_plate : R-183-JF
2024-10-27 21:49:19,655 - license_plate : R-183-JF
2024-10-27 21:49:19,655 - license_plate : R-183-JF
2024-10-27 21:49:19,655 - license_plate : R-183-JF
2024-10-27 21:49:19,655 - license_plate : R-183-JF
2024-10-27 21:49:19,655 - license_plate : R-183-JF
2024-10-27 21:49:19,655 - license_plate : R-183-JF
2024-10-27 21:49:19,655 - license_plate : R-183-JF
2024-10-27 21:49:19,655 - license_plate : R-183-JF
2024-10-27 21:49:19,655 - license_plate : R-183-JF
2024-10-27 21:49:19,655 - license_plate : R-183-JF
2024-10-27 21:49:19,655 - license_plate : R-183-JF
2024-10-27 21:49:19,655 - license_plate : R-183-JF
2024-10-27 21:49:19,655 - license_plate : R-183-JF
2024-10-27 21:49:19,655 - license_plate : R-183-JF
2024-10-27 21:49:19,655 - license_plate : R-183-JF
2024-10-27 21:49:19,655 - license_plate : R-183-JF
2024-10-27 21:49:19,655 - license_plate : R-183-JF
2024-10-27 21:49:19,655 - license_plate : R-183-JF
2024-10-27 21:49:19,655 - license_plate : R-183-JF
2024-10-27 21:49:19,655 - license_plate : R-183-JF
2024-10-27 21:49:19,655 - license_plate : R-183-JF
2024-10-27 21:49:19,655 - license_plate : R-183-JF
2024-10-27 21:49:19,655 - license_plate : R-183-JF
2024-10-27 21:49:19,655 - license_plate : R-183-JF
2024-10-27 21:49:19,655 - license_plate : R-183-JF
2024-10-27 21:49:19,655 - license_plate : R-183-JF
2024-10-27 21:49:19,655 - license_plate : R-183-JF
2024-10-27 21:49:19,846 - license_plate : R183-JF
2024-10-27 21:49:19,846 - license_plate : R183-JF
2024-10-27 21:49:19,846 - license_plate : R183-JF
2024-10-27 21:49:19,846 - license_plate : R183-JF
2024-10-27 21:49:19,846 - license_plate : R183-JF
2024-10-27 21:49:19,846 - license_plate : R183-JF
2024-10-27 21:49:19,846 - license_plate : R183-JF
2024-10-27 21:49:19,846 - license_plate : R183-JF
2024-10-27 21:49:19,846 - license_plate : R183-JF
2024-10-27 21:49:19,846 - license_plate : R183-JF
2024-10-27 21:49:19,846 - license_plate : R183-JF
2024-10-27 21:49:19,846 - license_plate : R183-JF
2024-10-27 21:49:19,846 - license_plate : R183-JF
2024-10-27 21:49:19,846 - license_plate : R183-JF
2024-10-27 21:49:19,846 - license_plate : R183-JF
2024-10-27 21:49:19,846 - license_plate : R183-JF
2024-10-27 21:49:19,846 - license_plate : R183-JF
2024-10-27 21:49:19,846 - license_plate : R183-JF
2024-10-27 21:49:19,846 - license_plate : R183-JF
2024-10-27 21:49:19,846 - license_plate : R183-JF
2024-10-27 21:49:19,846 - license_plate : R183-JF
2024-10-27 21:49:19,846 - license_plate : R183-JF
2024-10-27 21:49:19,846 - license_plate : R183-JF
2024-10-27 21:49:19,846 - license_plate : R183-JF
2024-10-27 21:49:19,846 - license_plate : R183-JF
2024-10-27 21:49:19,846 - license_plate : R183-JF
2024-10-27 21:49:19,846 - license_plate : R183-JF
2024-10-27 21:49:19,846 - license_plate : R183-JF
2024-10-27 21:49:19,846 - license_plate : R183-JF
2024-10-27 21:49:19,846 - license_plate : R183-JF
2024-10-27 21:49:19,846 - license_plate : R183-JF
2024-10-27 21:49:19,846 - license_plate : R183-JF
2024-10-27 21:49:19,846 - license_plate : R183-JF
2024-10-27 21:49:19,846 - license_plate : R183-JF
2024-10-27 21:49:19,846 - license_plate : R183-JF
2024-10-27 21:49:19,846 - license_plate : R183-JF
2024-10-27 21:49:19,846 - license_plate : R183-JF
