2024-10-12 14:08:29,610 - 0+license_plate : R-18) JF
2024-10-12 14:08:29,610 - 0+license_plate : R-18) JF
2024-10-12 14:08:29,610 - 0+license_plate : R-18) JF
2024-10-12 14:08:29,610 - 0+license_plate : R-18) JF
2024-10-12 14:08:29,610 - 0+license_plate : R-18) JF
2024-10-12 14:08:29,610 - 0+license_plate : R-18) JF
2024-10-12 14:08:29,610 - 0+license_plate : R-18) JF
2024-10-12 14:08:29,610 - 0+license_plate : R-18) JF
2024-10-12 14:08:29,610 - 0+license_plate : R-18) JF
2024-10-12 14:08:29,610 - 0+license_plate : R-18) JF
2024-10-12 14:08:29,610 - 0+license_plate : R-18) JF
2024-10-12 14:08:29,610 - 0+license_plate : R-18) JF
2024-10-12 14:08:29,610 - 0+license_plate : R-18) JF
2024-10-12 14:08:29,610 - 0+license_plate : R-18) JF
2024-10-12 14:08:29,610 - 0+license_plate : R-18) JF
2024-10-12 14:08:30,008 - 0+license_plate : R-183-JF
2024-10-12 14:08:30,008 - 0+license_plate : R-183-JF
2024-10-12 14:08:30,008 - 0+license_plate : R-183-JF
2024-10-12 14:08:30,008 - 0+license_plate : R-183-JF
2024-10-12 14:08:30,008 - 0+license_plate : R-183-JF
2024-10-12 14:08:30,008 - 0+license_plate : R-183-JF
2024-10-12 14:08:30,008 - 0+license_plate : R-183-JF
2024-10-12 14:08:30,008 - 0+license_plate : R-183-JF
2024-10-12 14:08:30,008 - 0+license_plate : R-183-JF
2024-10-12 14:08:30,008 - 0+license_plate : R-183-JF
2024-10-12 14:08:30,008 - 0+license_plate : R-183-JF
2024-10-12 14:08:30,008 - 0+license_plate : R-183-JF
2024-10-12 14:08:30,008 - 0+license_plate : R-183-JF
2024-10-12 14:08:30,008 - 0+license_plate : R-183-JF
2024-10-12 14:08:30,008 - 0+license_plate : R-183-JF
2024-10-12 14:08:30,008 - 0+license_plate : R-183-JF
2024-10-12 14:08:30,267 - 0+license_plate : R-183-JF
2024-10-12 14:08:30,267 - 0+license_plate : R-183-JF
2024-10-12 14:08:30,267 - 0+license_plate : R-183-JF
2024-10-12 14:08:30,267 - 0+license_plate : R-183-JF
2024-10-12 14:08:30,267 - 0+license_plate : R-183-JF
2024-10-12 14:08:30,267 - 0+license_plate : R-183-JF
2024-10-12 14:08:30,267 - 0+license_plate : R-183-JF
2024-10-12 14:08:30,267 - 0+license_plate : R-183-JF
2024-10-12 14:08:30,267 - 0+license_plate : R-183-JF
2024-10-12 14:08:30,267 - 0+license_plate : R-183-JF
2024-10-12 14:08:30,267 - 0+license_plate : R-183-JF
2024-10-12 14:08:30,267 - 0+license_plate : R-183-JF
2024-10-12 14:08:30,267 - 0+license_plate : R-183-JF
2024-10-12 14:08:30,267 - 0+license_plate : R-183-JF
2024-10-12 14:08:30,267 - 0+license_plate : R-183-JF
2024-10-12 14:08:30,267 - 0+license_plate : R-183-JF
2024-10-12 14:08:30,267 - 0+license_plate : R-183-JF
2024-10-12 14:08:30,553 - 0+license_plate : R-183-JF
2024-10-12 14:08:30,553 - 0+license_plate : R-183-JF
2024-10-12 14:08:30,553 - 0+license_plate : R-183-JF
2024-10-12 14:08:30,553 - 0+license_plate : R-183-JF
2024-10-12 14:08:30,553 - 0+license_plate : R-183-JF
2024-10-12 14:08:30,553 - 0+license_plate : R-183-JF
2024-10-12 14:08:30,553 - 0+license_plate : R-183-JF
2024-10-12 14:08:30,553 - 0+license_plate : R-183-JF
2024-10-12 14:08:30,553 - 0+license_plate : R-183-JF
2024-10-12 14:08:30,553 - 0+license_plate : R-183-JF
2024-10-12 14:08:30,553 - 0+license_plate : R-183-JF
2024-10-12 14:08:30,553 - 0+license_plate : R-183-JF
2024-10-12 14:08:30,553 - 0+license_plate : R-183-JF
2024-10-12 14:08:30,553 - 0+license_plate : R-183-JF
2024-10-12 14:08:30,553 - 0+license_plate : R-183-JF
2024-10-12 14:08:30,553 - 0+license_plate : R-183-JF
2024-10-12 14:08:30,553 - 0+license_plate : R-183-JF
2024-10-12 14:08:30,553 - 0+license_plate : R-183-JF
2024-10-12 14:08:30,821 - 0+license_plate : R-1B3-JF
2024-10-12 14:08:30,821 - 0+license_plate : R-1B3-JF
2024-10-12 14:08:30,821 - 0+license_plate : R-1B3-JF
2024-10-12 14:08:30,821 - 0+license_plate : R-1B3-JF
2024-10-12 14:08:30,821 - 0+license_plate : R-1B3-JF
2024-10-12 14:08:30,821 - 0+license_plate : R-1B3-JF
2024-10-12 14:08:30,821 - 0+license_plate : R-1B3-JF
2024-10-12 14:08:30,821 - 0+license_plate : R-1B3-JF
2024-10-12 14:08:30,821 - 0+license_plate : R-1B3-JF
2024-10-12 14:08:30,821 - 0+license_plate : R-1B3-JF
2024-10-12 14:08:30,821 - 0+license_plate : R-1B3-JF
2024-10-12 14:08:30,821 - 0+license_plate : R-1B3-JF
2024-10-12 14:08:30,821 - 0+license_plate : R-1B3-JF
2024-10-12 14:08:30,821 - 0+license_plate : R-1B3-JF
2024-10-12 14:08:30,821 - 0+license_plate : R-1B3-JF
2024-10-12 14:08:30,821 - 0+license_plate : R-1B3-JF
2024-10-12 14:08:30,821 - 0+license_plate : R-1B3-JF
2024-10-12 14:08:30,821 - 0+license_plate : R-1B3-JF
2024-10-12 14:08:30,821 - 0+license_plate : R-1B3-JF
2024-10-12 14:08:31,073 - 0+license_plate : R-183-JF
2024-10-12 14:08:31,073 - 0+license_plate : R-183-JF
2024-10-12 14:08:31,073 - 0+license_plate : R-183-JF
2024-10-12 14:08:31,073 - 0+license_plate : R-183-JF
2024-10-12 14:08:31,073 - 0+license_plate : R-183-JF
2024-10-12 14:08:31,073 - 0+license_plate : R-183-JF
2024-10-12 14:08:31,073 - 0+license_plate : R-183-JF
2024-10-12 14:08:31,073 - 0+license_plate : R-183-JF
2024-10-12 14:08:31,073 - 0+license_plate : R-183-JF
2024-10-12 14:08:31,073 - 0+license_plate : R-183-JF
2024-10-12 14:08:31,073 - 0+license_plate : R-183-JF
2024-10-12 14:08:31,073 - 0+license_plate : R-183-JF
2024-10-12 14:08:31,073 - 0+license_plate : R-183-JF
2024-10-12 14:08:31,073 - 0+license_plate : R-183-JF
2024-10-12 14:08:31,073 - 0+license_plate : R-183-JF
2024-10-12 14:08:31,073 - 0+license_plate : R-183-JF
2024-10-12 14:08:31,073 - 0+license_plate : R-183-JF
2024-10-12 14:08:31,073 - 0+license_plate : R-183-JF
2024-10-12 14:08:31,073 - 0+license_plate : R-183-JF
2024-10-12 14:08:31,073 - 0+license_plate : R-183-JF
2024-10-12 14:08:31,337 - 0+license_plate : R-133-JF
2024-10-12 14:08:31,337 - 0+license_plate : R-133-JF
2024-10-12 14:08:31,337 - 0+license_plate : R-133-JF
2024-10-12 14:08:31,337 - 0+license_plate : R-133-JF
2024-10-12 14:08:31,337 - 0+license_plate : R-133-JF
2024-10-12 14:08:31,337 - 0+license_plate : R-133-JF
2024-10-12 14:08:31,337 - 0+license_plate : R-133-JF
2024-10-12 14:08:31,337 - 0+license_plate : R-133-JF
2024-10-12 14:08:31,337 - 0+license_plate : R-133-JF
2024-10-12 14:08:31,337 - 0+license_plate : R-133-JF
2024-10-12 14:08:31,337 - 0+license_plate : R-133-JF
2024-10-12 14:08:31,337 - 0+license_plate : R-133-JF
2024-10-12 14:08:31,337 - 0+license_plate : R-133-JF
2024-10-12 14:08:31,337 - 0+license_plate : R-133-JF
2024-10-12 14:08:31,337 - 0+license_plate : R-133-JF
2024-10-12 14:08:31,337 - 0+license_plate : R-133-JF
2024-10-12 14:08:31,337 - 0+license_plate : R-133-JF
2024-10-12 14:08:31,337 - 0+license_plate : R-133-JF
2024-10-12 14:08:31,337 - 0+license_plate : R-133-JF
2024-10-12 14:08:31,337 - 0+license_plate : R-133-JF
2024-10-12 14:08:31,337 - 0+license_plate : R-133-JF
2024-10-12 14:08:31,597 - 0+license_plate : R-183 JF
2024-10-12 14:08:31,597 - 0+license_plate : R-183 JF
2024-10-12 14:08:31,597 - 0+license_plate : R-183 JF
2024-10-12 14:08:31,597 - 0+license_plate : R-183 JF
2024-10-12 14:08:31,597 - 0+license_plate : R-183 JF
2024-10-12 14:08:31,597 - 0+license_plate : R-183 JF
2024-10-12 14:08:31,597 - 0+license_plate : R-183 JF
2024-10-12 14:08:31,597 - 0+license_plate : R-183 JF
2024-10-12 14:08:31,597 - 0+license_plate : R-183 JF
2024-10-12 14:08:31,597 - 0+license_plate : R-183 JF
2024-10-12 14:08:31,597 - 0+license_plate : R-183 JF
2024-10-12 14:08:31,597 - 0+license_plate : R-183 JF
2024-10-12 14:08:31,597 - 0+license_plate : R-183 JF
2024-10-12 14:08:31,597 - 0+license_plate : R-183 JF
2024-10-12 14:08:31,597 - 0+license_plate : R-183 JF
2024-10-12 14:08:31,597 - 0+license_plate : R-183 JF
2024-10-12 14:08:31,597 - 0+license_plate : R-183 JF
2024-10-12 14:08:31,597 - 0+license_plate : R-183 JF
2024-10-12 14:08:31,597 - 0+license_plate : R-183 JF
2024-10-12 14:08:31,597 - 0+license_plate : R-183 JF
2024-10-12 14:08:31,597 - 0+license_plate : R-183 JF
2024-10-12 14:08:31,597 - 0+license_plate : R-183 JF
2024-10-12 14:08:31,863 - 0+license_plate : R-183 JF
2024-10-12 14:08:31,863 - 0+license_plate : R-183 JF
2024-10-12 14:08:31,863 - 0+license_plate : R-183 JF
2024-10-12 14:08:31,863 - 0+license_plate : R-183 JF
2024-10-12 14:08:31,863 - 0+license_plate : R-183 JF
2024-10-12 14:08:31,863 - 0+license_plate : R-183 JF
2024-10-12 14:08:31,863 - 0+license_plate : R-183 JF
2024-10-12 14:08:31,863 - 0+license_plate : R-183 JF
2024-10-12 14:08:31,863 - 0+license_plate : R-183 JF
2024-10-12 14:08:31,863 - 0+license_plate : R-183 JF
2024-10-12 14:08:31,863 - 0+license_plate : R-183 JF
2024-10-12 14:08:31,863 - 0+license_plate : R-183 JF
2024-10-12 14:08:31,863 - 0+license_plate : R-183 JF
2024-10-12 14:08:31,863 - 0+license_plate : R-183 JF
2024-10-12 14:08:31,863 - 0+license_plate : R-183 JF
2024-10-12 14:08:31,863 - 0+license_plate : R-183 JF
2024-10-12 14:08:31,863 - 0+license_plate : R-183 JF
2024-10-12 14:08:31,863 - 0+license_plate : R-183 JF
2024-10-12 14:08:31,863 - 0+license_plate : R-183 JF
2024-10-12 14:08:31,863 - 0+license_plate : R-183 JF
2024-10-12 14:08:31,863 - 0+license_plate : R-183 JF
2024-10-12 14:08:31,863 - 0+license_plate : R-183 JF
2024-10-12 14:08:31,863 - 0+license_plate : R-183 JF
2024-10-12 14:08:32,114 - 0+license_plate : R-183-JF
2024-10-12 14:08:32,114 - 0+license_plate : R-183-JF
2024-10-12 14:08:32,114 - 0+license_plate : R-183-JF
2024-10-12 14:08:32,114 - 0+license_plate : R-183-JF
2024-10-12 14:08:32,114 - 0+license_plate : R-183-JF
2024-10-12 14:08:32,114 - 0+license_plate : R-183-JF
2024-10-12 14:08:32,114 - 0+license_plate : R-183-JF
2024-10-12 14:08:32,114 - 0+license_plate : R-183-JF
2024-10-12 14:08:32,114 - 0+license_plate : R-183-JF
2024-10-12 14:08:32,114 - 0+license_plate : R-183-JF
2024-10-12 14:08:32,114 - 0+license_plate : R-183-JF
2024-10-12 14:08:32,114 - 0+license_plate : R-183-JF
2024-10-12 14:08:32,114 - 0+license_plate : R-183-JF
2024-10-12 14:08:32,114 - 0+license_plate : R-183-JF
2024-10-12 14:08:32,114 - 0+license_plate : R-183-JF
2024-10-12 14:08:32,114 - 0+license_plate : R-183-JF
2024-10-12 14:08:32,114 - 0+license_plate : R-183-JF
2024-10-12 14:08:32,114 - 0+license_plate : R-183-JF
2024-10-12 14:08:32,114 - 0+license_plate : R-183-JF
2024-10-12 14:08:32,114 - 0+license_plate : R-183-JF
2024-10-12 14:08:32,114 - 0+license_plate : R-183-JF
2024-10-12 14:08:32,114 - 0+license_plate : R-183-JF
2024-10-12 14:08:32,114 - 0+license_plate : R-183-JF
2024-10-12 14:08:32,114 - 0+license_plate : R-183-JF
2024-10-12 14:08:32,358 - 0+license_plate : R-183-JF
2024-10-12 14:08:32,358 - 0+license_plate : R-183-JF
2024-10-12 14:08:32,358 - 0+license_plate : R-183-JF
2024-10-12 14:08:32,358 - 0+license_plate : R-183-JF
2024-10-12 14:08:32,358 - 0+license_plate : R-183-JF
2024-10-12 14:08:32,358 - 0+license_plate : R-183-JF
2024-10-12 14:08:32,358 - 0+license_plate : R-183-JF
2024-10-12 14:08:32,358 - 0+license_plate : R-183-JF
2024-10-12 14:08:32,358 - 0+license_plate : R-183-JF
2024-10-12 14:08:32,358 - 0+license_plate : R-183-JF
2024-10-12 14:08:32,358 - 0+license_plate : R-183-JF
2024-10-12 14:08:32,358 - 0+license_plate : R-183-JF
2024-10-12 14:08:32,358 - 0+license_plate : R-183-JF
2024-10-12 14:08:32,358 - 0+license_plate : R-183-JF
2024-10-12 14:08:32,358 - 0+license_plate : R-183-JF
2024-10-12 14:08:32,358 - 0+license_plate : R-183-JF
2024-10-12 14:08:32,358 - 0+license_plate : R-183-JF
2024-10-12 14:08:32,358 - 0+license_plate : R-183-JF
2024-10-12 14:08:32,358 - 0+license_plate : R-183-JF
2024-10-12 14:08:32,358 - 0+license_plate : R-183-JF
2024-10-12 14:08:32,358 - 0+license_plate : R-183-JF
2024-10-12 14:08:32,358 - 0+license_plate : R-183-JF
2024-10-12 14:08:32,358 - 0+license_plate : R-183-JF
2024-10-12 14:08:32,358 - 0+license_plate : R-183-JF
2024-10-12 14:08:32,358 - 0+license_plate : R-183-JF
2024-10-12 14:08:32,598 - 0+license_plate : R-183-JF
2024-10-12 14:08:32,598 - 0+license_plate : R-183-JF
2024-10-12 14:08:32,598 - 0+license_plate : R-183-JF
2024-10-12 14:08:32,598 - 0+license_plate : R-183-JF
2024-10-12 14:08:32,598 - 0+license_plate : R-183-JF
2024-10-12 14:08:32,598 - 0+license_plate : R-183-JF
2024-10-12 14:08:32,598 - 0+license_plate : R-183-JF
2024-10-12 14:08:32,598 - 0+license_plate : R-183-JF
2024-10-12 14:08:32,598 - 0+license_plate : R-183-JF
2024-10-12 14:08:32,598 - 0+license_plate : R-183-JF
2024-10-12 14:08:32,598 - 0+license_plate : R-183-JF
2024-10-12 14:08:32,598 - 0+license_plate : R-183-JF
2024-10-12 14:08:32,598 - 0+license_plate : R-183-JF
2024-10-12 14:08:32,598 - 0+license_plate : R-183-JF
2024-10-12 14:08:32,598 - 0+license_plate : R-183-JF
2024-10-12 14:08:32,598 - 0+license_plate : R-183-JF
2024-10-12 14:08:32,598 - 0+license_plate : R-183-JF
2024-10-12 14:08:32,598 - 0+license_plate : R-183-JF
2024-10-12 14:08:32,598 - 0+license_plate : R-183-JF
2024-10-12 14:08:32,598 - 0+license_plate : R-183-JF
2024-10-12 14:08:32,598 - 0+license_plate : R-183-JF
2024-10-12 14:08:32,598 - 0+license_plate : R-183-JF
2024-10-12 14:08:32,598 - 0+license_plate : R-183-JF
2024-10-12 14:08:32,598 - 0+license_plate : R-183-JF
2024-10-12 14:08:32,598 - 0+license_plate : R-183-JF
2024-10-12 14:08:32,598 - 0+license_plate : R-183-JF
2024-10-12 14:08:32,859 - 0+license_plate : R-183-JF
2024-10-12 14:08:32,859 - 0+license_plate : R-183-JF
2024-10-12 14:08:32,859 - 0+license_plate : R-183-JF
2024-10-12 14:08:32,859 - 0+license_plate : R-183-JF
2024-10-12 14:08:32,859 - 0+license_plate : R-183-JF
2024-10-12 14:08:32,859 - 0+license_plate : R-183-JF
2024-10-12 14:08:32,859 - 0+license_plate : R-183-JF
2024-10-12 14:08:32,859 - 0+license_plate : R-183-JF
2024-10-12 14:08:32,859 - 0+license_plate : R-183-JF
2024-10-12 14:08:32,859 - 0+license_plate : R-183-JF
2024-10-12 14:08:32,859 - 0+license_plate : R-183-JF
2024-10-12 14:08:32,859 - 0+license_plate : R-183-JF
2024-10-12 14:08:32,859 - 0+license_plate : R-183-JF
2024-10-12 14:08:32,859 - 0+license_plate : R-183-JF
2024-10-12 14:08:32,859 - 0+license_plate : R-183-JF
2024-10-12 14:08:32,859 - 0+license_plate : R-183-JF
2024-10-12 14:08:32,859 - 0+license_plate : R-183-JF
2024-10-12 14:08:32,859 - 0+license_plate : R-183-JF
2024-10-12 14:08:32,859 - 0+license_plate : R-183-JF
2024-10-12 14:08:32,859 - 0+license_plate : R-183-JF
2024-10-12 14:08:32,859 - 0+license_plate : R-183-JF
2024-10-12 14:08:32,859 - 0+license_plate : R-183-JF
2024-10-12 14:08:32,859 - 0+license_plate : R-183-JF
2024-10-12 14:08:32,859 - 0+license_plate : R-183-JF
2024-10-12 14:08:32,859 - 0+license_plate : R-183-JF
2024-10-12 14:08:32,859 - 0+license_plate : R-183-JF
2024-10-12 14:08:32,859 - 0+license_plate : R-183-JF
2024-10-12 14:08:33,102 - 0+license_plate : R-183-JF
2024-10-12 14:08:33,102 - 0+license_plate : R-183-JF
2024-10-12 14:08:33,102 - 0+license_plate : R-183-JF
2024-10-12 14:08:33,102 - 0+license_plate : R-183-JF
2024-10-12 14:08:33,102 - 0+license_plate : R-183-JF
2024-10-12 14:08:33,102 - 0+license_plate : R-183-JF
2024-10-12 14:08:33,102 - 0+license_plate : R-183-JF
2024-10-12 14:08:33,102 - 0+license_plate : R-183-JF
2024-10-12 14:08:33,102 - 0+license_plate : R-183-JF
2024-10-12 14:08:33,102 - 0+license_plate : R-183-JF
2024-10-12 14:08:33,102 - 0+license_plate : R-183-JF
2024-10-12 14:08:33,102 - 0+license_plate : R-183-JF
2024-10-12 14:08:33,102 - 0+license_plate : R-183-JF
2024-10-12 14:08:33,102 - 0+license_plate : R-183-JF
2024-10-12 14:08:33,102 - 0+license_plate : R-183-JF
2024-10-12 14:08:33,102 - 0+license_plate : R-183-JF
2024-10-12 14:08:33,102 - 0+license_plate : R-183-JF
2024-10-12 14:08:33,102 - 0+license_plate : R-183-JF
2024-10-12 14:08:33,102 - 0+license_plate : R-183-JF
2024-10-12 14:08:33,102 - 0+license_plate : R-183-JF
2024-10-12 14:08:33,102 - 0+license_plate : R-183-JF
2024-10-12 14:08:33,102 - 0+license_plate : R-183-JF
2024-10-12 14:08:33,102 - 0+license_plate : R-183-JF
2024-10-12 14:08:33,102 - 0+license_plate : R-183-JF
2024-10-12 14:08:33,102 - 0+license_plate : R-183-JF
2024-10-12 14:08:33,102 - 0+license_plate : R-183-JF
2024-10-12 14:08:33,102 - 0+license_plate : R-183-JF
2024-10-12 14:08:33,102 - 0+license_plate : R-183-JF
2024-10-12 14:08:33,416 - 0+license_plate : R-183-JF
2024-10-12 14:08:33,416 - 0+license_plate : R-183-JF
2024-10-12 14:08:33,416 - 0+license_plate : R-183-JF
2024-10-12 14:08:33,416 - 0+license_plate : R-183-JF
2024-10-12 14:08:33,416 - 0+license_plate : R-183-JF
2024-10-12 14:08:33,416 - 0+license_plate : R-183-JF
2024-10-12 14:08:33,416 - 0+license_plate : R-183-JF
2024-10-12 14:08:33,416 - 0+license_plate : R-183-JF
2024-10-12 14:08:33,416 - 0+license_plate : R-183-JF
2024-10-12 14:08:33,416 - 0+license_plate : R-183-JF
2024-10-12 14:08:33,416 - 0+license_plate : R-183-JF
2024-10-12 14:08:33,416 - 0+license_plate : R-183-JF
2024-10-12 14:08:33,416 - 0+license_plate : R-183-JF
2024-10-12 14:08:33,416 - 0+license_plate : R-183-JF
2024-10-12 14:08:33,416 - 0+license_plate : R-183-JF
2024-10-12 14:08:33,416 - 0+license_plate : R-183-JF
2024-10-12 14:08:33,416 - 0+license_plate : R-183-JF
2024-10-12 14:08:33,416 - 0+license_plate : R-183-JF
2024-10-12 14:08:33,416 - 0+license_plate : R-183-JF
2024-10-12 14:08:33,416 - 0+license_plate : R-183-JF
2024-10-12 14:08:33,416 - 0+license_plate : R-183-JF
2024-10-12 14:08:33,416 - 0+license_plate : R-183-JF
2024-10-12 14:08:33,416 - 0+license_plate : R-183-JF
2024-10-12 14:08:33,416 - 0+license_plate : R-183-JF
2024-10-12 14:08:33,416 - 0+license_plate : R-183-JF
2024-10-12 14:08:33,416 - 0+license_plate : R-183-JF
2024-10-12 14:08:33,416 - 0+license_plate : R-183-JF
2024-10-12 14:08:33,416 - 0+license_plate : R-183-JF
2024-10-12 14:08:33,416 - 0+license_plate : R-183-JF
2024-10-12 14:08:33,691 - 0+license_plate : R-1B3-JF
2024-10-12 14:08:33,691 - 0+license_plate : R-1B3-JF
2024-10-12 14:08:33,691 - 0+license_plate : R-1B3-JF
2024-10-12 14:08:33,691 - 0+license_plate : R-1B3-JF
2024-10-12 14:08:33,691 - 0+license_plate : R-1B3-JF
2024-10-12 14:08:33,691 - 0+license_plate : R-1B3-JF
2024-10-12 14:08:33,691 - 0+license_plate : R-1B3-JF
2024-10-12 14:08:33,691 - 0+license_plate : R-1B3-JF
2024-10-12 14:08:33,691 - 0+license_plate : R-1B3-JF
2024-10-12 14:08:33,691 - 0+license_plate : R-1B3-JF
2024-10-12 14:08:33,691 - 0+license_plate : R-1B3-JF
2024-10-12 14:08:33,691 - 0+license_plate : R-1B3-JF
2024-10-12 14:08:33,691 - 0+license_plate : R-1B3-JF
2024-10-12 14:08:33,691 - 0+license_plate : R-1B3-JF
2024-10-12 14:08:33,691 - 0+license_plate : R-1B3-JF
2024-10-12 14:08:33,691 - 0+license_plate : R-1B3-JF
2024-10-12 14:08:33,691 - 0+license_plate : R-1B3-JF
2024-10-12 14:08:33,691 - 0+license_plate : R-1B3-JF
2024-10-12 14:08:33,691 - 0+license_plate : R-1B3-JF
2024-10-12 14:08:33,691 - 0+license_plate : R-1B3-JF
2024-10-12 14:08:33,691 - 0+license_plate : R-1B3-JF
2024-10-12 14:08:33,691 - 0+license_plate : R-1B3-JF
2024-10-12 14:08:33,691 - 0+license_plate : R-1B3-JF
2024-10-12 14:08:33,691 - 0+license_plate : R-1B3-JF
2024-10-12 14:08:33,691 - 0+license_plate : R-1B3-JF
2024-10-12 14:08:33,691 - 0+license_plate : R-1B3-JF
2024-10-12 14:08:33,691 - 0+license_plate : R-1B3-JF
2024-10-12 14:08:33,691 - 0+license_plate : R-1B3-JF
2024-10-12 14:08:33,691 - 0+license_plate : R-1B3-JF
2024-10-12 14:08:33,691 - 0+license_plate : R-1B3-JF
2024-10-12 14:08:33,938 - 0+license_plate : R-183 JF
2024-10-12 14:08:33,938 - 0+license_plate : R-183 JF
2024-10-12 14:08:33,938 - 0+license_plate : R-183 JF
2024-10-12 14:08:33,938 - 0+license_plate : R-183 JF
2024-10-12 14:08:33,938 - 0+license_plate : R-183 JF
2024-10-12 14:08:33,938 - 0+license_plate : R-183 JF
2024-10-12 14:08:33,938 - 0+license_plate : R-183 JF
2024-10-12 14:08:33,938 - 0+license_plate : R-183 JF
2024-10-12 14:08:33,938 - 0+license_plate : R-183 JF
2024-10-12 14:08:33,938 - 0+license_plate : R-183 JF
2024-10-12 14:08:33,938 - 0+license_plate : R-183 JF
2024-10-12 14:08:33,938 - 0+license_plate : R-183 JF
2024-10-12 14:08:33,938 - 0+license_plate : R-183 JF
2024-10-12 14:08:33,938 - 0+license_plate : R-183 JF
2024-10-12 14:08:33,938 - 0+license_plate : R-183 JF
2024-10-12 14:08:33,938 - 0+license_plate : R-183 JF
2024-10-12 14:08:33,938 - 0+license_plate : R-183 JF
2024-10-12 14:08:33,938 - 0+license_plate : R-183 JF
2024-10-12 14:08:33,938 - 0+license_plate : R-183 JF
2024-10-12 14:08:33,938 - 0+license_plate : R-183 JF
2024-10-12 14:08:33,938 - 0+license_plate : R-183 JF
2024-10-12 14:08:33,938 - 0+license_plate : R-183 JF
2024-10-12 14:08:33,938 - 0+license_plate : R-183 JF
2024-10-12 14:08:33,938 - 0+license_plate : R-183 JF
2024-10-12 14:08:33,938 - 0+license_plate : R-183 JF
2024-10-12 14:08:33,938 - 0+license_plate : R-183 JF
2024-10-12 14:08:33,938 - 0+license_plate : R-183 JF
2024-10-12 14:08:33,938 - 0+license_plate : R-183 JF
2024-10-12 14:08:33,938 - 0+license_plate : R-183 JF
2024-10-12 14:08:33,938 - 0+license_plate : R-183 JF
2024-10-12 14:08:33,938 - 0+license_plate : R-183 JF
2024-10-12 14:08:34,211 - 0+license_plate : R1B3 JF
2024-10-12 14:08:34,211 - 0+license_plate : R1B3 JF
2024-10-12 14:08:34,211 - 0+license_plate : R1B3 JF
2024-10-12 14:08:34,211 - 0+license_plate : R1B3 JF
2024-10-12 14:08:34,211 - 0+license_plate : R1B3 JF
2024-10-12 14:08:34,211 - 0+license_plate : R1B3 JF
2024-10-12 14:08:34,211 - 0+license_plate : R1B3 JF
2024-10-12 14:08:34,211 - 0+license_plate : R1B3 JF
2024-10-12 14:08:34,211 - 0+license_plate : R1B3 JF
2024-10-12 14:08:34,211 - 0+license_plate : R1B3 JF
2024-10-12 14:08:34,211 - 0+license_plate : R1B3 JF
2024-10-12 14:08:34,211 - 0+license_plate : R1B3 JF
2024-10-12 14:08:34,211 - 0+license_plate : R1B3 JF
2024-10-12 14:08:34,211 - 0+license_plate : R1B3 JF
2024-10-12 14:08:34,211 - 0+license_plate : R1B3 JF
2024-10-12 14:08:34,211 - 0+license_plate : R1B3 JF
2024-10-12 14:08:34,211 - 0+license_plate : R1B3 JF
2024-10-12 14:08:34,211 - 0+license_plate : R1B3 JF
2024-10-12 14:08:34,211 - 0+license_plate : R1B3 JF
2024-10-12 14:08:34,211 - 0+license_plate : R1B3 JF
2024-10-12 14:08:34,211 - 0+license_plate : R1B3 JF
2024-10-12 14:08:34,211 - 0+license_plate : R1B3 JF
2024-10-12 14:08:34,211 - 0+license_plate : R1B3 JF
2024-10-12 14:08:34,211 - 0+license_plate : R1B3 JF
2024-10-12 14:08:34,211 - 0+license_plate : R1B3 JF
2024-10-12 14:08:34,211 - 0+license_plate : R1B3 JF
2024-10-12 14:08:34,211 - 0+license_plate : R1B3 JF
2024-10-12 14:08:34,211 - 0+license_plate : R1B3 JF
2024-10-12 14:08:34,211 - 0+license_plate : R1B3 JF
2024-10-12 14:08:34,211 - 0+license_plate : R1B3 JF
2024-10-12 14:08:34,211 - 0+license_plate : R1B3 JF
2024-10-12 14:08:34,211 - 0+license_plate : R1B3 JF
2024-10-12 14:08:34,485 - 0+license_plate : R-1B3-JF
2024-10-12 14:08:34,485 - 0+license_plate : R-1B3-JF
2024-10-12 14:08:34,485 - 0+license_plate : R-1B3-JF
2024-10-12 14:08:34,485 - 0+license_plate : R-1B3-JF
2024-10-12 14:08:34,485 - 0+license_plate : R-1B3-JF
2024-10-12 14:08:34,485 - 0+license_plate : R-1B3-JF
2024-10-12 14:08:34,485 - 0+license_plate : R-1B3-JF
2024-10-12 14:08:34,485 - 0+license_plate : R-1B3-JF
2024-10-12 14:08:34,485 - 0+license_plate : R-1B3-JF
2024-10-12 14:08:34,485 - 0+license_plate : R-1B3-JF
2024-10-12 14:08:34,485 - 0+license_plate : R-1B3-JF
2024-10-12 14:08:34,485 - 0+license_plate : R-1B3-JF
2024-10-12 14:08:34,485 - 0+license_plate : R-1B3-JF
2024-10-12 14:08:34,485 - 0+license_plate : R-1B3-JF
2024-10-12 14:08:34,485 - 0+license_plate : R-1B3-JF
2024-10-12 14:08:34,485 - 0+license_plate : R-1B3-JF
2024-10-12 14:08:34,485 - 0+license_plate : R-1B3-JF
2024-10-12 14:08:34,485 - 0+license_plate : R-1B3-JF
2024-10-12 14:08:34,485 - 0+license_plate : R-1B3-JF
2024-10-12 14:08:34,485 - 0+license_plate : R-1B3-JF
2024-10-12 14:08:34,485 - 0+license_plate : R-1B3-JF
2024-10-12 14:08:34,485 - 0+license_plate : R-1B3-JF
2024-10-12 14:08:34,485 - 0+license_plate : R-1B3-JF
2024-10-12 14:08:34,485 - 0+license_plate : R-1B3-JF
2024-10-12 14:08:34,485 - 0+license_plate : R-1B3-JF
2024-10-12 14:08:34,485 - 0+license_plate : R-1B3-JF
2024-10-12 14:08:34,485 - 0+license_plate : R-1B3-JF
2024-10-12 14:08:34,485 - 0+license_plate : R-1B3-JF
2024-10-12 14:08:34,485 - 0+license_plate : R-1B3-JF
2024-10-12 14:08:34,485 - 0+license_plate : R-1B3-JF
2024-10-12 14:08:34,485 - 0+license_plate : R-1B3-JF
2024-10-12 14:08:34,485 - 0+license_plate : R-1B3-JF
2024-10-12 14:08:34,485 - 0+license_plate : R-1B3-JF
2024-10-12 14:08:34,691 - 0+license_plate : R-103 JF
2024-10-12 14:08:34,691 - 0+license_plate : R-103 JF
2024-10-12 14:08:34,691 - 0+license_plate : R-103 JF
2024-10-12 14:08:34,691 - 0+license_plate : R-103 JF
2024-10-12 14:08:34,691 - 0+license_plate : R-103 JF
2024-10-12 14:08:34,691 - 0+license_plate : R-103 JF
2024-10-12 14:08:34,691 - 0+license_plate : R-103 JF
2024-10-12 14:08:34,691 - 0+license_plate : R-103 JF
2024-10-12 14:08:34,691 - 0+license_plate : R-103 JF
2024-10-12 14:08:34,691 - 0+license_plate : R-103 JF
2024-10-12 14:08:34,691 - 0+license_plate : R-103 JF
2024-10-12 14:08:34,691 - 0+license_plate : R-103 JF
2024-10-12 14:08:34,691 - 0+license_plate : R-103 JF
2024-10-12 14:08:34,691 - 0+license_plate : R-103 JF
2024-10-12 14:08:34,691 - 0+license_plate : R-103 JF
2024-10-12 14:08:34,691 - 0+license_plate : R-103 JF
2024-10-12 14:08:34,691 - 0+license_plate : R-103 JF
2024-10-12 14:08:34,691 - 0+license_plate : R-103 JF
2024-10-12 14:08:34,691 - 0+license_plate : R-103 JF
2024-10-12 14:08:34,691 - 0+license_plate : R-103 JF
2024-10-12 14:08:34,691 - 0+license_plate : R-103 JF
2024-10-12 14:08:34,691 - 0+license_plate : R-103 JF
2024-10-12 14:08:34,691 - 0+license_plate : R-103 JF
2024-10-12 14:08:34,691 - 0+license_plate : R-103 JF
2024-10-12 14:08:34,691 - 0+license_plate : R-103 JF
2024-10-12 14:08:34,691 - 0+license_plate : R-103 JF
2024-10-12 14:08:34,691 - 0+license_plate : R-103 JF
2024-10-12 14:08:34,691 - 0+license_plate : R-103 JF
2024-10-12 14:08:34,691 - 0+license_plate : R-103 JF
2024-10-12 14:08:34,691 - 0+license_plate : R-103 JF
2024-10-12 14:08:34,691 - 0+license_plate : R-103 JF
2024-10-12 14:08:34,691 - 0+license_plate : R-103 JF
2024-10-12 14:08:34,691 - 0+license_plate : R-103 JF
2024-10-12 14:08:34,691 - 0+license_plate : R-103 JF
2024-10-12 14:08:34,956 - 0+license_plate : RIB3 JF
2024-10-12 14:08:34,956 - 0+license_plate : RIB3 JF
2024-10-12 14:08:34,956 - 0+license_plate : RIB3 JF
2024-10-12 14:08:34,956 - 0+license_plate : RIB3 JF
2024-10-12 14:08:34,956 - 0+license_plate : RIB3 JF
2024-10-12 14:08:34,956 - 0+license_plate : RIB3 JF
2024-10-12 14:08:34,956 - 0+license_plate : RIB3 JF
2024-10-12 14:08:34,956 - 0+license_plate : RIB3 JF
2024-10-12 14:08:34,956 - 0+license_plate : RIB3 JF
2024-10-12 14:08:34,956 - 0+license_plate : RIB3 JF
2024-10-12 14:08:34,956 - 0+license_plate : RIB3 JF
2024-10-12 14:08:34,956 - 0+license_plate : RIB3 JF
2024-10-12 14:08:34,956 - 0+license_plate : RIB3 JF
2024-10-12 14:08:34,956 - 0+license_plate : RIB3 JF
2024-10-12 14:08:34,956 - 0+license_plate : RIB3 JF
2024-10-12 14:08:34,956 - 0+license_plate : RIB3 JF
2024-10-12 14:08:34,956 - 0+license_plate : RIB3 JF
2024-10-12 14:08:34,956 - 0+license_plate : RIB3 JF
2024-10-12 14:08:34,956 - 0+license_plate : RIB3 JF
2024-10-12 14:08:34,956 - 0+license_plate : RIB3 JF
2024-10-12 14:08:34,956 - 0+license_plate : RIB3 JF
2024-10-12 14:08:34,956 - 0+license_plate : RIB3 JF
2024-10-12 14:08:34,956 - 0+license_plate : RIB3 JF
2024-10-12 14:08:34,956 - 0+license_plate : RIB3 JF
2024-10-12 14:08:34,956 - 0+license_plate : RIB3 JF
2024-10-12 14:08:34,956 - 0+license_plate : RIB3 JF
2024-10-12 14:08:34,956 - 0+license_plate : RIB3 JF
2024-10-12 14:08:34,956 - 0+license_plate : RIB3 JF
2024-10-12 14:08:34,956 - 0+license_plate : RIB3 JF
2024-10-12 14:08:34,956 - 0+license_plate : RIB3 JF
2024-10-12 14:08:34,956 - 0+license_plate : RIB3 JF
2024-10-12 14:08:34,956 - 0+license_plate : RIB3 JF
2024-10-12 14:08:34,956 - 0+license_plate : RIB3 JF
2024-10-12 14:08:34,956 - 0+license_plate : RIB3 JF
2024-10-12 14:08:34,956 - 0+license_plate : RIB3 JF
2024-10-12 14:08:35,180 - 0+license_plate : R-183 JF
2024-10-12 14:08:35,180 - 0+license_plate : R-183 JF
2024-10-12 14:08:35,180 - 0+license_plate : R-183 JF
2024-10-12 14:08:35,180 - 0+license_plate : R-183 JF
2024-10-12 14:08:35,180 - 0+license_plate : R-183 JF
2024-10-12 14:08:35,180 - 0+license_plate : R-183 JF
2024-10-12 14:08:35,180 - 0+license_plate : R-183 JF
2024-10-12 14:08:35,180 - 0+license_plate : R-183 JF
2024-10-12 14:08:35,180 - 0+license_plate : R-183 JF
2024-10-12 14:08:35,180 - 0+license_plate : R-183 JF
2024-10-12 14:08:35,180 - 0+license_plate : R-183 JF
2024-10-12 14:08:35,180 - 0+license_plate : R-183 JF
2024-10-12 14:08:35,180 - 0+license_plate : R-183 JF
2024-10-12 14:08:35,180 - 0+license_plate : R-183 JF
2024-10-12 14:08:35,180 - 0+license_plate : R-183 JF
2024-10-12 14:08:35,180 - 0+license_plate : R-183 JF
2024-10-12 14:08:35,180 - 0+license_plate : R-183 JF
2024-10-12 14:08:35,180 - 0+license_plate : R-183 JF
2024-10-12 14:08:35,180 - 0+license_plate : R-183 JF
2024-10-12 14:08:35,180 - 0+license_plate : R-183 JF
2024-10-12 14:08:35,180 - 0+license_plate : R-183 JF
2024-10-12 14:08:35,180 - 0+license_plate : R-183 JF
2024-10-12 14:08:35,180 - 0+license_plate : R-183 JF
2024-10-12 14:08:35,180 - 0+license_plate : R-183 JF
2024-10-12 14:08:35,180 - 0+license_plate : R-183 JF
2024-10-12 14:08:35,180 - 0+license_plate : R-183 JF
2024-10-12 14:08:35,180 - 0+license_plate : R-183 JF
2024-10-12 14:08:35,180 - 0+license_plate : R-183 JF
2024-10-12 14:08:35,180 - 0+license_plate : R-183 JF
2024-10-12 14:08:35,180 - 0+license_plate : R-183 JF
2024-10-12 14:08:35,180 - 0+license_plate : R-183 JF
2024-10-12 14:08:35,180 - 0+license_plate : R-183 JF
2024-10-12 14:08:35,180 - 0+license_plate : R-183 JF
2024-10-12 14:08:35,180 - 0+license_plate : R-183 JF
2024-10-12 14:08:35,180 - 0+license_plate : R-183 JF
2024-10-12 14:08:35,180 - 0+license_plate : R-183 JF
2024-10-12 14:08:35,400 - 0+license_plate : R-1B3- JF
2024-10-12 14:08:35,400 - 0+license_plate : R-1B3- JF
2024-10-12 14:08:35,400 - 0+license_plate : R-1B3- JF
2024-10-12 14:08:35,400 - 0+license_plate : R-1B3- JF
2024-10-12 14:08:35,400 - 0+license_plate : R-1B3- JF
2024-10-12 14:08:35,400 - 0+license_plate : R-1B3- JF
2024-10-12 14:08:35,400 - 0+license_plate : R-1B3- JF
2024-10-12 14:08:35,400 - 0+license_plate : R-1B3- JF
2024-10-12 14:08:35,400 - 0+license_plate : R-1B3- JF
2024-10-12 14:08:35,400 - 0+license_plate : R-1B3- JF
2024-10-12 14:08:35,400 - 0+license_plate : R-1B3- JF
2024-10-12 14:08:35,400 - 0+license_plate : R-1B3- JF
2024-10-12 14:08:35,400 - 0+license_plate : R-1B3- JF
2024-10-12 14:08:35,400 - 0+license_plate : R-1B3- JF
2024-10-12 14:08:35,400 - 0+license_plate : R-1B3- JF
2024-10-12 14:08:35,400 - 0+license_plate : R-1B3- JF
2024-10-12 14:08:35,400 - 0+license_plate : R-1B3- JF
2024-10-12 14:08:35,400 - 0+license_plate : R-1B3- JF
2024-10-12 14:08:35,400 - 0+license_plate : R-1B3- JF
2024-10-12 14:08:35,400 - 0+license_plate : R-1B3- JF
2024-10-12 14:08:35,400 - 0+license_plate : R-1B3- JF
2024-10-12 14:08:35,400 - 0+license_plate : R-1B3- JF
2024-10-12 14:08:35,400 - 0+license_plate : R-1B3- JF
2024-10-12 14:08:35,400 - 0+license_plate : R-1B3- JF
2024-10-12 14:08:35,400 - 0+license_plate : R-1B3- JF
2024-10-12 14:08:35,400 - 0+license_plate : R-1B3- JF
2024-10-12 14:08:35,400 - 0+license_plate : R-1B3- JF
2024-10-12 14:08:35,400 - 0+license_plate : R-1B3- JF
2024-10-12 14:08:35,400 - 0+license_plate : R-1B3- JF
2024-10-12 14:08:35,400 - 0+license_plate : R-1B3- JF
2024-10-12 14:08:35,400 - 0+license_plate : R-1B3- JF
2024-10-12 14:08:35,400 - 0+license_plate : R-1B3- JF
2024-10-12 14:08:35,400 - 0+license_plate : R-1B3- JF
2024-10-12 14:08:35,400 - 0+license_plate : R-1B3- JF
2024-10-12 14:08:35,400 - 0+license_plate : R-1B3- JF
2024-10-12 14:08:35,400 - 0+license_plate : R-1B3- JF
2024-10-12 14:08:35,400 - 0+license_plate : R-1B3- JF
2024-10-12 14:08:35,601 - 0+license_plate : R-183- JF
2024-10-12 14:08:35,601 - 0+license_plate : R-183- JF
2024-10-12 14:08:35,601 - 0+license_plate : R-183- JF
2024-10-12 14:08:35,601 - 0+license_plate : R-183- JF
2024-10-12 14:08:35,601 - 0+license_plate : R-183- JF
2024-10-12 14:08:35,601 - 0+license_plate : R-183- JF
2024-10-12 14:08:35,601 - 0+license_plate : R-183- JF
2024-10-12 14:08:35,601 - 0+license_plate : R-183- JF
2024-10-12 14:08:35,601 - 0+license_plate : R-183- JF
2024-10-12 14:08:35,601 - 0+license_plate : R-183- JF
2024-10-12 14:08:35,601 - 0+license_plate : R-183- JF
2024-10-12 14:08:35,601 - 0+license_plate : R-183- JF
2024-10-12 14:08:35,601 - 0+license_plate : R-183- JF
2024-10-12 14:08:35,601 - 0+license_plate : R-183- JF
2024-10-12 14:08:35,601 - 0+license_plate : R-183- JF
2024-10-12 14:08:35,601 - 0+license_plate : R-183- JF
2024-10-12 14:08:35,601 - 0+license_plate : R-183- JF
2024-10-12 14:08:35,601 - 0+license_plate : R-183- JF
2024-10-12 14:08:35,601 - 0+license_plate : R-183- JF
2024-10-12 14:08:35,601 - 0+license_plate : R-183- JF
2024-10-12 14:08:35,601 - 0+license_plate : R-183- JF
2024-10-12 14:08:35,601 - 0+license_plate : R-183- JF
2024-10-12 14:08:35,601 - 0+license_plate : R-183- JF
2024-10-12 14:08:35,601 - 0+license_plate : R-183- JF
2024-10-12 14:08:35,601 - 0+license_plate : R-183- JF
2024-10-12 14:08:35,601 - 0+license_plate : R-183- JF
2024-10-12 14:08:35,601 - 0+license_plate : R-183- JF
2024-10-12 14:08:35,601 - 0+license_plate : R-183- JF
2024-10-12 14:08:35,601 - 0+license_plate : R-183- JF
2024-10-12 14:08:35,601 - 0+license_plate : R-183- JF
2024-10-12 14:08:35,601 - 0+license_plate : R-183- JF
2024-10-12 14:08:35,601 - 0+license_plate : R-183- JF
2024-10-12 14:08:35,601 - 0+license_plate : R-183- JF
2024-10-12 14:08:35,601 - 0+license_plate : R-183- JF
2024-10-12 14:08:35,601 - 0+license_plate : R-183- JF
2024-10-12 14:08:35,601 - 0+license_plate : R-183- JF
2024-10-12 14:08:35,601 - 0+license_plate : R-183- JF
2024-10-12 14:08:35,601 - 0+license_plate : R-183- JF
2024-10-12 14:08:35,818 - 0+license_plate : R-183-JF
2024-10-12 14:08:35,818 - 0+license_plate : R-183-JF
2024-10-12 14:08:35,818 - 0+license_plate : R-183-JF
2024-10-12 14:08:35,818 - 0+license_plate : R-183-JF
2024-10-12 14:08:35,818 - 0+license_plate : R-183-JF
2024-10-12 14:08:35,818 - 0+license_plate : R-183-JF
2024-10-12 14:08:35,818 - 0+license_plate : R-183-JF
2024-10-12 14:08:35,818 - 0+license_plate : R-183-JF
2024-10-12 14:08:35,818 - 0+license_plate : R-183-JF
2024-10-12 14:08:35,818 - 0+license_plate : R-183-JF
2024-10-12 14:08:35,818 - 0+license_plate : R-183-JF
2024-10-12 14:08:35,818 - 0+license_plate : R-183-JF
2024-10-12 14:08:35,818 - 0+license_plate : R-183-JF
2024-10-12 14:08:35,818 - 0+license_plate : R-183-JF
2024-10-12 14:08:35,818 - 0+license_plate : R-183-JF
2024-10-12 14:08:35,818 - 0+license_plate : R-183-JF
2024-10-12 14:08:35,818 - 0+license_plate : R-183-JF
2024-10-12 14:08:35,818 - 0+license_plate : R-183-JF
2024-10-12 14:08:35,818 - 0+license_plate : R-183-JF
2024-10-12 14:08:35,818 - 0+license_plate : R-183-JF
2024-10-12 14:08:35,818 - 0+license_plate : R-183-JF
2024-10-12 14:08:35,818 - 0+license_plate : R-183-JF
2024-10-12 14:08:35,818 - 0+license_plate : R-183-JF
2024-10-12 14:08:35,818 - 0+license_plate : R-183-JF
2024-10-12 14:08:35,818 - 0+license_plate : R-183-JF
2024-10-12 14:08:35,818 - 0+license_plate : R-183-JF
2024-10-12 14:08:35,818 - 0+license_plate : R-183-JF
2024-10-12 14:08:35,818 - 0+license_plate : R-183-JF
2024-10-12 14:08:35,818 - 0+license_plate : R-183-JF
2024-10-12 14:08:35,818 - 0+license_plate : R-183-JF
2024-10-12 14:08:35,818 - 0+license_plate : R-183-JF
2024-10-12 14:08:35,818 - 0+license_plate : R-183-JF
2024-10-12 14:08:35,818 - 0+license_plate : R-183-JF
2024-10-12 14:08:35,818 - 0+license_plate : R-183-JF
2024-10-12 14:08:35,818 - 0+license_plate : R-183-JF
2024-10-12 14:08:35,818 - 0+license_plate : R-183-JF
2024-10-12 14:08:35,818 - 0+license_plate : R-183-JF
2024-10-12 14:08:35,818 - 0+license_plate : R-183-JF
2024-10-12 14:08:35,818 - 0+license_plate : R-183-JF
2024-10-12 14:08:36,046 - 0+license_plate : R-183-JF
2024-10-12 14:08:36,046 - 0+license_plate : R-183-JF
2024-10-12 14:08:36,046 - 0+license_plate : R-183-JF
2024-10-12 14:08:36,046 - 0+license_plate : R-183-JF
2024-10-12 14:08:36,046 - 0+license_plate : R-183-JF
2024-10-12 14:08:36,046 - 0+license_plate : R-183-JF
2024-10-12 14:08:36,046 - 0+license_plate : R-183-JF
2024-10-12 14:08:36,046 - 0+license_plate : R-183-JF
2024-10-12 14:08:36,046 - 0+license_plate : R-183-JF
2024-10-12 14:08:36,046 - 0+license_plate : R-183-JF
2024-10-12 14:08:36,046 - 0+license_plate : R-183-JF
2024-10-12 14:08:36,046 - 0+license_plate : R-183-JF
2024-10-12 14:08:36,046 - 0+license_plate : R-183-JF
2024-10-12 14:08:36,046 - 0+license_plate : R-183-JF
2024-10-12 14:08:36,046 - 0+license_plate : R-183-JF
2024-10-12 14:08:36,046 - 0+license_plate : R-183-JF
2024-10-12 14:08:36,046 - 0+license_plate : R-183-JF
2024-10-12 14:08:36,046 - 0+license_plate : R-183-JF
2024-10-12 14:08:36,046 - 0+license_plate : R-183-JF
2024-10-12 14:08:36,046 - 0+license_plate : R-183-JF
2024-10-12 14:08:36,046 - 0+license_plate : R-183-JF
2024-10-12 14:08:36,046 - 0+license_plate : R-183-JF
2024-10-12 14:08:36,046 - 0+license_plate : R-183-JF
2024-10-12 14:08:36,046 - 0+license_plate : R-183-JF
2024-10-12 14:08:36,046 - 0+license_plate : R-183-JF
2024-10-12 14:08:36,046 - 0+license_plate : R-183-JF
2024-10-12 14:08:36,046 - 0+license_plate : R-183-JF
2024-10-12 14:08:36,046 - 0+license_plate : R-183-JF
2024-10-12 14:08:36,046 - 0+license_plate : R-183-JF
2024-10-12 14:08:36,046 - 0+license_plate : R-183-JF
2024-10-12 14:08:36,046 - 0+license_plate : R-183-JF
2024-10-12 14:08:36,046 - 0+license_plate : R-183-JF
2024-10-12 14:08:36,046 - 0+license_plate : R-183-JF
2024-10-12 14:08:36,046 - 0+license_plate : R-183-JF
2024-10-12 14:08:36,046 - 0+license_plate : R-183-JF
2024-10-12 14:08:36,046 - 0+license_plate : R-183-JF
2024-10-12 14:08:36,046 - 0+license_plate : R-183-JF
2024-10-12 14:08:36,046 - 0+license_plate : R-183-JF
2024-10-12 14:08:36,046 - 0+license_plate : R-183-JF
2024-10-12 14:08:36,046 - 0+license_plate : R-183-JF
2024-10-12 14:08:36,265 - 0+license_plate : R-183-JF
2024-10-12 14:08:36,265 - 0+license_plate : R-183-JF
2024-10-12 14:08:36,265 - 0+license_plate : R-183-JF
2024-10-12 14:08:36,265 - 0+license_plate : R-183-JF
2024-10-12 14:08:36,265 - 0+license_plate : R-183-JF
2024-10-12 14:08:36,265 - 0+license_plate : R-183-JF
2024-10-12 14:08:36,265 - 0+license_plate : R-183-JF
2024-10-12 14:08:36,265 - 0+license_plate : R-183-JF
2024-10-12 14:08:36,265 - 0+license_plate : R-183-JF
2024-10-12 14:08:36,265 - 0+license_plate : R-183-JF
2024-10-12 14:08:36,265 - 0+license_plate : R-183-JF
2024-10-12 14:08:36,265 - 0+license_plate : R-183-JF
2024-10-12 14:08:36,265 - 0+license_plate : R-183-JF
2024-10-12 14:08:36,265 - 0+license_plate : R-183-JF
2024-10-12 14:08:36,265 - 0+license_plate : R-183-JF
2024-10-12 14:08:36,265 - 0+license_plate : R-183-JF
2024-10-12 14:08:36,265 - 0+license_plate : R-183-JF
2024-10-12 14:08:36,265 - 0+license_plate : R-183-JF
2024-10-12 14:08:36,265 - 0+license_plate : R-183-JF
2024-10-12 14:08:36,265 - 0+license_plate : R-183-JF
2024-10-12 14:08:36,265 - 0+license_plate : R-183-JF
2024-10-12 14:08:36,265 - 0+license_plate : R-183-JF
2024-10-12 14:08:36,265 - 0+license_plate : R-183-JF
2024-10-12 14:08:36,265 - 0+license_plate : R-183-JF
2024-10-12 14:08:36,265 - 0+license_plate : R-183-JF
2024-10-12 14:08:36,265 - 0+license_plate : R-183-JF
2024-10-12 14:08:36,265 - 0+license_plate : R-183-JF
2024-10-12 14:08:36,265 - 0+license_plate : R-183-JF
2024-10-12 14:08:36,265 - 0+license_plate : R-183-JF
2024-10-12 14:08:36,265 - 0+license_plate : R-183-JF
2024-10-12 14:08:36,265 - 0+license_plate : R-183-JF
2024-10-12 14:08:36,265 - 0+license_plate : R-183-JF
2024-10-12 14:08:36,265 - 0+license_plate : R-183-JF
2024-10-12 14:08:36,265 - 0+license_plate : R-183-JF
2024-10-12 14:08:36,265 - 0+license_plate : R-183-JF
2024-10-12 14:08:36,265 - 0+license_plate : R-183-JF
2024-10-12 14:08:36,265 - 0+license_plate : R-183-JF
2024-10-12 14:08:36,265 - 0+license_plate : R-183-JF
2024-10-12 14:08:36,265 - 0+license_plate : R-183-JF
2024-10-12 14:08:36,265 - 0+license_plate : R-183-JF
2024-10-12 14:08:36,265 - 0+license_plate : R-183-JF
2024-10-12 14:08:36,616 - 0+license_plate : R-4B3-JF
2024-10-12 14:08:36,616 - 0+license_plate : R-4B3-JF
2024-10-12 14:08:36,616 - 0+license_plate : R-4B3-JF
2024-10-12 14:08:36,616 - 0+license_plate : R-4B3-JF
2024-10-12 14:08:36,616 - 0+license_plate : R-4B3-JF
2024-10-12 14:08:36,616 - 0+license_plate : R-4B3-JF
2024-10-12 14:08:36,616 - 0+license_plate : R-4B3-JF
2024-10-12 14:08:36,616 - 0+license_plate : R-4B3-JF
2024-10-12 14:08:36,616 - 0+license_plate : R-4B3-JF
2024-10-12 14:08:36,616 - 0+license_plate : R-4B3-JF
2024-10-12 14:08:36,616 - 0+license_plate : R-4B3-JF
2024-10-12 14:08:36,616 - 0+license_plate : R-4B3-JF
2024-10-12 14:08:36,616 - 0+license_plate : R-4B3-JF
2024-10-12 14:08:36,616 - 0+license_plate : R-4B3-JF
2024-10-12 14:08:36,616 - 0+license_plate : R-4B3-JF
2024-10-12 14:08:36,616 - 0+license_plate : R-4B3-JF
2024-10-12 14:08:36,616 - 0+license_plate : R-4B3-JF
2024-10-12 14:08:36,616 - 0+license_plate : R-4B3-JF
2024-10-12 14:08:36,616 - 0+license_plate : R-4B3-JF
2024-10-12 14:08:36,616 - 0+license_plate : R-4B3-JF
2024-10-12 14:08:36,616 - 0+license_plate : R-4B3-JF
2024-10-12 14:08:36,616 - 0+license_plate : R-4B3-JF
2024-10-12 14:08:36,616 - 0+license_plate : R-4B3-JF
2024-10-12 14:08:36,616 - 0+license_plate : R-4B3-JF
2024-10-12 14:08:36,616 - 0+license_plate : R-4B3-JF
2024-10-12 14:08:36,616 - 0+license_plate : R-4B3-JF
2024-10-12 14:08:36,616 - 0+license_plate : R-4B3-JF
2024-10-12 14:08:36,616 - 0+license_plate : R-4B3-JF
2024-10-12 14:08:36,616 - 0+license_plate : R-4B3-JF
2024-10-12 14:08:36,616 - 0+license_plate : R-4B3-JF
2024-10-12 14:08:36,616 - 0+license_plate : R-4B3-JF
2024-10-12 14:08:36,616 - 0+license_plate : R-4B3-JF
2024-10-12 14:08:36,616 - 0+license_plate : R-4B3-JF
2024-10-12 14:08:36,616 - 0+license_plate : R-4B3-JF
2024-10-12 14:08:36,616 - 0+license_plate : R-4B3-JF
2024-10-12 14:08:36,616 - 0+license_plate : R-4B3-JF
2024-10-12 14:08:36,616 - 0+license_plate : R-4B3-JF
2024-10-12 14:08:36,616 - 0+license_plate : R-4B3-JF
2024-10-12 14:08:36,616 - 0+license_plate : R-4B3-JF
2024-10-12 14:08:36,616 - 0+license_plate : R-4B3-JF
2024-10-12 14:08:36,616 - 0+license_plate : R-4B3-JF
2024-10-12 14:08:36,616 - 0+license_plate : R-4B3-JF
2024-10-12 14:08:36,845 - 0+license_plate : R-183-JF
2024-10-12 14:08:36,845 - 0+license_plate : R-183-JF
2024-10-12 14:08:36,845 - 0+license_plate : R-183-JF
2024-10-12 14:08:36,845 - 0+license_plate : R-183-JF
2024-10-12 14:08:36,845 - 0+license_plate : R-183-JF
2024-10-12 14:08:36,845 - 0+license_plate : R-183-JF
2024-10-12 14:08:36,845 - 0+license_plate : R-183-JF
2024-10-12 14:08:36,845 - 0+license_plate : R-183-JF
2024-10-12 14:08:36,845 - 0+license_plate : R-183-JF
2024-10-12 14:08:36,845 - 0+license_plate : R-183-JF
2024-10-12 14:08:36,845 - 0+license_plate : R-183-JF
2024-10-12 14:08:36,845 - 0+license_plate : R-183-JF
2024-10-12 14:08:36,845 - 0+license_plate : R-183-JF
2024-10-12 14:08:36,845 - 0+license_plate : R-183-JF
2024-10-12 14:08:36,845 - 0+license_plate : R-183-JF
2024-10-12 14:08:36,845 - 0+license_plate : R-183-JF
2024-10-12 14:08:36,845 - 0+license_plate : R-183-JF
2024-10-12 14:08:36,845 - 0+license_plate : R-183-JF
2024-10-12 14:08:36,845 - 0+license_plate : R-183-JF
2024-10-12 14:08:36,845 - 0+license_plate : R-183-JF
2024-10-12 14:08:36,845 - 0+license_plate : R-183-JF
2024-10-12 14:08:36,845 - 0+license_plate : R-183-JF
2024-10-12 14:08:36,845 - 0+license_plate : R-183-JF
2024-10-12 14:08:36,845 - 0+license_plate : R-183-JF
2024-10-12 14:08:36,845 - 0+license_plate : R-183-JF
2024-10-12 14:08:36,845 - 0+license_plate : R-183-JF
2024-10-12 14:08:36,845 - 0+license_plate : R-183-JF
2024-10-12 14:08:36,845 - 0+license_plate : R-183-JF
2024-10-12 14:08:36,845 - 0+license_plate : R-183-JF
2024-10-12 14:08:36,845 - 0+license_plate : R-183-JF
2024-10-12 14:08:36,845 - 0+license_plate : R-183-JF
2024-10-12 14:08:36,845 - 0+license_plate : R-183-JF
2024-10-12 14:08:36,845 - 0+license_plate : R-183-JF
2024-10-12 14:08:36,845 - 0+license_plate : R-183-JF
2024-10-12 14:08:36,845 - 0+license_plate : R-183-JF
2024-10-12 14:08:36,845 - 0+license_plate : R-183-JF
2024-10-12 14:08:36,845 - 0+license_plate : R-183-JF
2024-10-12 14:08:36,845 - 0+license_plate : R-183-JF
2024-10-12 14:08:36,845 - 0+license_plate : R-183-JF
2024-10-12 14:08:36,845 - 0+license_plate : R-183-JF
2024-10-12 14:08:36,845 - 0+license_plate : R-183-JF
2024-10-12 14:08:36,845 - 0+license_plate : R-183-JF
2024-10-12 14:08:36,845 - 0+license_plate : R-183-JF
2024-10-12 14:08:37,058 - 0+license_plate : R-183-JF
2024-10-12 14:08:37,058 - 0+license_plate : R-183-JF
2024-10-12 14:08:37,058 - 0+license_plate : R-183-JF
2024-10-12 14:08:37,058 - 0+license_plate : R-183-JF
2024-10-12 14:08:37,058 - 0+license_plate : R-183-JF
2024-10-12 14:08:37,058 - 0+license_plate : R-183-JF
2024-10-12 14:08:37,058 - 0+license_plate : R-183-JF
2024-10-12 14:08:37,058 - 0+license_plate : R-183-JF
2024-10-12 14:08:37,058 - 0+license_plate : R-183-JF
2024-10-12 14:08:37,058 - 0+license_plate : R-183-JF
2024-10-12 14:08:37,058 - 0+license_plate : R-183-JF
2024-10-12 14:08:37,058 - 0+license_plate : R-183-JF
2024-10-12 14:08:37,058 - 0+license_plate : R-183-JF
2024-10-12 14:08:37,058 - 0+license_plate : R-183-JF
2024-10-12 14:08:37,058 - 0+license_plate : R-183-JF
2024-10-12 14:08:37,058 - 0+license_plate : R-183-JF
2024-10-12 14:08:37,058 - 0+license_plate : R-183-JF
2024-10-12 14:08:37,058 - 0+license_plate : R-183-JF
2024-10-12 14:08:37,058 - 0+license_plate : R-183-JF
2024-10-12 14:08:37,058 - 0+license_plate : R-183-JF
2024-10-12 14:08:37,058 - 0+license_plate : R-183-JF
2024-10-12 14:08:37,058 - 0+license_plate : R-183-JF
2024-10-12 14:08:37,058 - 0+license_plate : R-183-JF
2024-10-12 14:08:37,058 - 0+license_plate : R-183-JF
2024-10-12 14:08:37,058 - 0+license_plate : R-183-JF
2024-10-12 14:08:37,058 - 0+license_plate : R-183-JF
2024-10-12 14:08:37,058 - 0+license_plate : R-183-JF
2024-10-12 14:08:37,058 - 0+license_plate : R-183-JF
2024-10-12 14:08:37,058 - 0+license_plate : R-183-JF
2024-10-12 14:08:37,058 - 0+license_plate : R-183-JF
2024-10-12 14:08:37,058 - 0+license_plate : R-183-JF
2024-10-12 14:08:37,058 - 0+license_plate : R-183-JF
2024-10-12 14:08:37,058 - 0+license_plate : R-183-JF
2024-10-12 14:08:37,058 - 0+license_plate : R-183-JF
2024-10-12 14:08:37,058 - 0+license_plate : R-183-JF
2024-10-12 14:08:37,058 - 0+license_plate : R-183-JF
2024-10-12 14:08:37,058 - 0+license_plate : R-183-JF
2024-10-12 14:08:37,058 - 0+license_plate : R-183-JF
2024-10-12 14:08:37,058 - 0+license_plate : R-183-JF
2024-10-12 14:08:37,058 - 0+license_plate : R-183-JF
2024-10-12 14:08:37,058 - 0+license_plate : R-183-JF
2024-10-12 14:08:37,058 - 0+license_plate : R-183-JF
2024-10-12 14:08:37,058 - 0+license_plate : R-183-JF
2024-10-12 14:08:37,058 - 0+license_plate : R-183-JF
2024-10-12 14:08:37,281 - 0+license_plate : R-183 -JF
2024-10-12 14:08:37,281 - 0+license_plate : R-183 -JF
2024-10-12 14:08:37,281 - 0+license_plate : R-183 -JF
2024-10-12 14:08:37,281 - 0+license_plate : R-183 -JF
2024-10-12 14:08:37,281 - 0+license_plate : R-183 -JF
2024-10-12 14:08:37,281 - 0+license_plate : R-183 -JF
2024-10-12 14:08:37,281 - 0+license_plate : R-183 -JF
2024-10-12 14:08:37,281 - 0+license_plate : R-183 -JF
2024-10-12 14:08:37,281 - 0+license_plate : R-183 -JF
2024-10-12 14:08:37,281 - 0+license_plate : R-183 -JF
2024-10-12 14:08:37,281 - 0+license_plate : R-183 -JF
2024-10-12 14:08:37,281 - 0+license_plate : R-183 -JF
2024-10-12 14:08:37,281 - 0+license_plate : R-183 -JF
2024-10-12 14:08:37,281 - 0+license_plate : R-183 -JF
2024-10-12 14:08:37,281 - 0+license_plate : R-183 -JF
2024-10-12 14:08:37,281 - 0+license_plate : R-183 -JF
2024-10-12 14:08:37,281 - 0+license_plate : R-183 -JF
2024-10-12 14:08:37,281 - 0+license_plate : R-183 -JF
2024-10-12 14:08:37,281 - 0+license_plate : R-183 -JF
2024-10-12 14:08:37,281 - 0+license_plate : R-183 -JF
2024-10-12 14:08:37,281 - 0+license_plate : R-183 -JF
2024-10-12 14:08:37,281 - 0+license_plate : R-183 -JF
2024-10-12 14:08:37,281 - 0+license_plate : R-183 -JF
2024-10-12 14:08:37,281 - 0+license_plate : R-183 -JF
2024-10-12 14:08:37,281 - 0+license_plate : R-183 -JF
2024-10-12 14:08:37,281 - 0+license_plate : R-183 -JF
2024-10-12 14:08:37,281 - 0+license_plate : R-183 -JF
2024-10-12 14:08:37,281 - 0+license_plate : R-183 -JF
2024-10-12 14:08:37,281 - 0+license_plate : R-183 -JF
2024-10-12 14:08:37,281 - 0+license_plate : R-183 -JF
2024-10-12 14:08:37,281 - 0+license_plate : R-183 -JF
2024-10-12 14:08:37,281 - 0+license_plate : R-183 -JF
2024-10-12 14:08:37,281 - 0+license_plate : R-183 -JF
2024-10-12 14:08:37,281 - 0+license_plate : R-183 -JF
2024-10-12 14:08:37,281 - 0+license_plate : R-183 -JF
2024-10-12 14:08:37,281 - 0+license_plate : R-183 -JF
2024-10-12 14:08:37,281 - 0+license_plate : R-183 -JF
2024-10-12 14:08:37,281 - 0+license_plate : R-183 -JF
2024-10-12 14:08:37,281 - 0+license_plate : R-183 -JF
2024-10-12 14:08:37,281 - 0+license_plate : R-183 -JF
2024-10-12 14:08:37,281 - 0+license_plate : R-183 -JF
2024-10-12 14:08:37,281 - 0+license_plate : R-183 -JF
2024-10-12 14:08:37,281 - 0+license_plate : R-183 -JF
2024-10-12 14:08:37,281 - 0+license_plate : R-183 -JF
2024-10-12 14:08:37,281 - 0+license_plate : R-183 -JF
2024-10-12 14:14:23,608 - license_plate : R-18) JF
2024-10-12 14:14:24,030 - license_plate : R-183-JF
2024-10-12 14:14:24,030 - license_plate : R-183-JF
2024-10-12 14:14:24,283 - license_plate : R-183-JF
2024-10-12 14:14:24,283 - license_plate : R-183-JF
2024-10-12 14:14:24,283 - license_plate : R-183-JF
2024-10-12 14:14:24,562 - license_plate : R-183-JF
2024-10-12 14:14:24,562 - license_plate : R-183-JF
2024-10-12 14:14:24,562 - license_plate : R-183-JF
2024-10-12 14:14:24,562 - license_plate : R-183-JF
2024-10-12 14:14:24,818 - license_plate : R-1B3-JF
2024-10-12 14:14:24,818 - license_plate : R-1B3-JF
2024-10-12 14:14:24,818 - license_plate : R-1B3-JF
2024-10-12 14:14:24,818 - license_plate : R-1B3-JF
2024-10-12 14:14:24,818 - license_plate : R-1B3-JF
2024-10-12 14:14:25,071 - license_plate : R-183-JF
2024-10-12 14:14:25,071 - license_plate : R-183-JF
2024-10-12 14:14:25,071 - license_plate : R-183-JF
2024-10-12 14:14:25,071 - license_plate : R-183-JF
2024-10-12 14:14:25,071 - license_plate : R-183-JF
2024-10-12 14:14:25,071 - license_plate : R-183-JF
2024-10-12 14:14:25,340 - license_plate : R-133-JF
2024-10-12 14:14:25,340 - license_plate : R-133-JF
2024-10-12 14:14:25,340 - license_plate : R-133-JF
2024-10-12 14:14:25,340 - license_plate : R-133-JF
2024-10-12 14:14:25,340 - license_plate : R-133-JF
2024-10-12 14:14:25,340 - license_plate : R-133-JF
2024-10-12 14:14:25,340 - license_plate : R-133-JF
2024-10-12 14:14:25,619 - license_plate : R-183 JF
2024-10-12 14:14:25,619 - license_plate : R-183 JF
2024-10-12 14:14:25,619 - license_plate : R-183 JF
2024-10-12 14:14:25,619 - license_plate : R-183 JF
2024-10-12 14:14:25,619 - license_plate : R-183 JF
2024-10-12 14:14:25,619 - license_plate : R-183 JF
2024-10-12 14:14:25,619 - license_plate : R-183 JF
2024-10-12 14:14:25,619 - license_plate : R-183 JF
2024-10-12 14:14:25,917 - license_plate : R-183 JF
2024-10-12 14:14:25,917 - license_plate : R-183 JF
2024-10-12 14:14:25,917 - license_plate : R-183 JF
2024-10-12 14:14:25,917 - license_plate : R-183 JF
2024-10-12 14:14:25,917 - license_plate : R-183 JF
2024-10-12 14:14:25,917 - license_plate : R-183 JF
2024-10-12 14:14:25,917 - license_plate : R-183 JF
2024-10-12 14:14:25,917 - license_plate : R-183 JF
2024-10-12 14:14:25,917 - license_plate : R-183 JF
2024-10-12 14:14:26,196 - license_plate : R-183-JF
2024-10-12 14:14:26,196 - license_plate : R-183-JF
2024-10-12 14:14:26,196 - license_plate : R-183-JF
2024-10-12 14:14:26,196 - license_plate : R-183-JF
2024-10-12 14:14:26,196 - license_plate : R-183-JF
2024-10-12 14:14:26,196 - license_plate : R-183-JF
2024-10-12 14:14:26,196 - license_plate : R-183-JF
2024-10-12 14:14:26,196 - license_plate : R-183-JF
2024-10-12 14:14:26,196 - license_plate : R-183-JF
2024-10-12 14:14:26,196 - license_plate : R-183-JF
2024-10-12 14:14:26,465 - license_plate : R-183-JF
2024-10-12 14:14:26,465 - license_plate : R-183-JF
2024-10-12 14:14:26,465 - license_plate : R-183-JF
2024-10-12 14:14:26,465 - license_plate : R-183-JF
2024-10-12 14:14:26,465 - license_plate : R-183-JF
2024-10-12 14:14:26,465 - license_plate : R-183-JF
2024-10-12 14:14:26,465 - license_plate : R-183-JF
2024-10-12 14:14:26,465 - license_plate : R-183-JF
2024-10-12 14:14:26,465 - license_plate : R-183-JF
2024-10-12 14:14:26,465 - license_plate : R-183-JF
2024-10-12 14:14:26,465 - license_plate : R-183-JF
2024-10-12 14:14:26,721 - license_plate : R-183-JF
2024-10-12 14:14:26,721 - license_plate : R-183-JF
2024-10-12 14:14:26,721 - license_plate : R-183-JF
2024-10-12 14:14:26,721 - license_plate : R-183-JF
2024-10-12 14:14:26,721 - license_plate : R-183-JF
2024-10-12 14:14:26,721 - license_plate : R-183-JF
2024-10-12 14:14:26,721 - license_plate : R-183-JF
2024-10-12 14:14:26,721 - license_plate : R-183-JF
2024-10-12 14:14:26,721 - license_plate : R-183-JF
2024-10-12 14:14:26,721 - license_plate : R-183-JF
2024-10-12 14:14:26,721 - license_plate : R-183-JF
2024-10-12 14:14:26,721 - license_plate : R-183-JF
2024-10-12 14:14:27,023 - license_plate : R-183-JF
2024-10-12 14:14:27,023 - license_plate : R-183-JF
2024-10-12 14:14:27,023 - license_plate : R-183-JF
2024-10-12 14:14:27,023 - license_plate : R-183-JF
2024-10-12 14:14:27,023 - license_plate : R-183-JF
2024-10-12 14:14:27,023 - license_plate : R-183-JF
2024-10-12 14:14:27,023 - license_plate : R-183-JF
2024-10-12 14:14:27,023 - license_plate : R-183-JF
2024-10-12 14:14:27,023 - license_plate : R-183-JF
2024-10-12 14:14:27,023 - license_plate : R-183-JF
2024-10-12 14:14:27,023 - license_plate : R-183-JF
2024-10-12 14:14:27,023 - license_plate : R-183-JF
2024-10-12 14:14:27,023 - license_plate : R-183-JF
